=== Creando 5 contenedores aleatorios ===
Contenedor 1: ejecutando opcion 1 de 3...
20bb03849501f303305f24b86855c3ad59a107dfc13b6d20c1d51b6e3b90a8e4
Contenedor 2: ejecutando opcion 2 de 3...
34ea73b08bccf122339921b939381c07c8d2b2e513607b372b29d2e0927bf538
Contenedor 3: ejecutando opcion 3 de 3...
61e551def924df8f5a2a09ccddec4e7783da1754c9ba6b8f9b341eba88a4bd7a
Contenedor 4: ejecutando opcion 3 de 3...
9a6db890d2e965804906fc9a24cfdcfcc4963dcf6543e3177d5acc515ea4a9b8
Contenedor 5: ejecutando opcion 3 de 3...
a3f054fd01c92be110f0baea879297a6073fbd639f008df21ce9fe4dc0206a2d
=== 5 contenedores creados ===
=== Creando 5 contenedores aleatorios ===
Contenedor 1: ejecutando opcion 3 de 3...
283166872ea69c2f958109528d984bb808f236b7ef62586b32f31379b58c027f
Contenedor 2: ejecutando opcion 2 de 3...
58d22de5d4915b94449290d07366334f055c5a06686bf72150cb822749d40098
Contenedor 3: ejecutando opcion 3 de 3...
5acdf90a81158e58c6b99a38b847fc74a454e47281b3c871726ac9908e0cdc38
Contenedor 4: ejecutando opcion 3 de 3...
57fbc593743108544027244279323c1b1029cbb54de4942346643ef826cd94f3
Contenedor 5: ejecutando opcion 2 de 3...
7b6c6e6d45de15c72c6b52d9fa964192b6f1ea43d20b609783d0d985eb64e9cb
=== 5 contenedores creados ===
=== Creando 5 contenedores aleatorios ===
Contenedor 1: ejecutando opcion 2 de 3...
ad29c06daba26c863b0cfac388ad0644cf37e9fc281805a4635a678f5efb3385
Contenedor 2: ejecutando opcion 3 de 3...
b71e763e8c18bf9152a789b6a4b4d9f7f27753bdd8865630d3113832bf7ffca1
Contenedor 3: ejecutando opcion 2 de 3...
048874aa32657675c9338894765adc8c4098b65b3c74af6f2b6d95011cc6cbb2
Contenedor 4: ejecutando opcion 1 de 3...
a4caff2223c7f56689b31b6841a945e7df7c7605d850d56e95068b95ebf4fc32
Contenedor 5: ejecutando opcion 2 de 3...
615930e7e5be09158444aa75ab07a53e06504d1ac01c1cafa7b4350c4571c522
=== 5 contenedores creados ===
=== Creando 5 contenedores aleatorios ===
Contenedor 1: ejecutando opcion 1 de 3...
9c785d45b5cd04b3d94659c96146204747d34cb302f4f3aa61bab61c24d90ab7
Contenedor 2: ejecutando opcion 3 de 3...
600a3907e3420f5000ebfaa0ad01443f833bbdea4a9862ea3db374e21dc1c0b9
Contenedor 3: ejecutando opcion 1 de 3...
d7fe6f043f7ff53d01a9a3b9596822a11644d034a7dd7951a6a422e2c201519b
Contenedor 4: ejecutando opcion 3 de 3...
228e262afad38b14832bc2c5b61c913d01c1ff0834f026c72ff5fe05f5b3233a
Contenedor 5: ejecutando opcion 1 de 3...
b83ff4008c58a394fa21e867a8cbbedbcf227833c37967261fab3e6524b8b690
=== 5 contenedores creados ===
=== Creando 5 contenedores aleatorios ===
Contenedor 1: ejecutando opcion 2 de 3...
42b0511eb7004424c820dcbe522e48c53903505ceefb7042c7e116cdc5378baa
Contenedor 2: ejecutando opcion 3 de 3...
c3f69e508a2131f1c95e51e56b90bfba5fb9deaff76097bee9f48f9b15e01e74
Contenedor 3: ejecutando opcion 2 de 3...
24ff29ffaf5bed92d71a7b5cc75895b911630d508b76890744ba30fd8953e4f3
Contenedor 4: ejecutando opcion 3 de 3...
e4cc388b03a097f1ae4f722154a0c65b87d448df7a908fbde0c9b5f1813b6c96
Contenedor 5: ejecutando opcion 1 de 3...
587e3462559b3e644aab6d61397466db6128ee2f3e651bd4517fab47919c491b
=== 5 contenedores creados ===
=== Creando 5 contenedores aleatorios ===
Contenedor 1: ejecutando opcion 2 de 3...
20b4b7d4e325491c132bbf570dc068624ba4a709e9c9074c9406cf73ec6e2d7a
Contenedor 2: ejecutando opcion 3 de 3...
22790519d3630af31dfd97a0d81ed59ca44b61555a65d2b355f8d200492b9974
Contenedor 3: ejecutando opcion 2 de 3...
b42bf8c94e37874989292131715fc69dc91ad152d85d32fb6279bbf24de3056b
Contenedor 4: ejecutando opcion 3 de 3...
b43f8e6f79da85e783d66c932d42ec41a41f94cea5a550735ce1a526cb1bd68d
Contenedor 5: ejecutando opcion 3 de 3...
e35c228b1dfb5e3403c0f20cc519c7e6698c7dcd89ea2a404f36ecf9ef067c67
=== 5 contenedores creados ===
=== Creando 5 contenedores aleatorios ===
Contenedor 1: ejecutando opcion 2 de 3...
87d5e800b417030b0bdab68dbfa005c8f9ac186aadcba62dd0320ee266f1c60f
Contenedor 2: ejecutando opcion 2 de 3...
933318ce2dce896bee4a375d02975a4145ababcea4db78f4a52e74b5dbb4102f
Contenedor 3: ejecutando opcion 2 de 3...
512217b7ef59dbbdc310803cc8ad4f0a6d43532e7f7fabc629e70f7c7d4e2436
Contenedor 4: ejecutando opcion 3 de 3...
04cacc044726ecb9cd72a24f9d59b73e15615f562ee33c701228393d6aa29ff9
Contenedor 5: ejecutando opcion 1 de 3...
b4908da0bfe786143dc47316a5d6bbcf68eeff9c14610e13028ad26111944e24
=== 5 contenedores creados ===
=== Creando 5 contenedores aleatorios ===
Contenedor 1: ejecutando opcion 1 de 3...
676532c81319568ad99a4b44ae69031f0e6275936915d81b2d02cf1d5aa51c0f
Contenedor 2: ejecutando opcion 2 de 3...
ae7e64fad0802e5785dfbe886b8aef417e8c20aa86a42d038213bcff323830b3
Contenedor 3: ejecutando opcion 1 de 3...
c60dd41070eed0b92c1216740f66e3740979b9355f4bc0285f3f8ea5cea0c31c
Contenedor 4: ejecutando opcion 1 de 3...
9351ba1a16519d53ac3add8ab78ad8a7e22a1017b7564b675f09153b2d3eed60
Contenedor 5: ejecutando opcion 2 de 3...
3e449a2fae701e80a988ea7b42d4bcc28c0877727e10423ecd709abed368fd51
=== 5 contenedores creados ===
=== Creando 5 contenedores aleatorios ===
Contenedor 1: ejecutando opcion 2 de 3...
b150df74b068631adbf312d910d167419e5d84801d73aea54ff3c45d5bc9f4c8
Contenedor 2: ejecutando opcion 2 de 3...
5509d34d667f464076c56afbcb78983bf574d5494db868df1949bb8d0f945e91
Contenedor 3: ejecutando opcion 3 de 3...
5ea1f91fe989df493c07a0a5f2935fe6e53c150765f36d36c514a8a4d4b7f0d6
Contenedor 4: ejecutando opcion 2 de 3...
e227b4ebe0b85f5016f5d919116cf1be1f3e3d72d07643b9b9cd3c50a0a4900d
Contenedor 5: ejecutando opcion 1 de 3...
e29bf57d3e7994c032407d747c8ae5e7d8c762df4025e44b95d50fa7c2259834
=== 5 contenedores creados ===
=== Creando 5 contenedores aleatorios ===
Contenedor 1: ejecutando opcion 1 de 3...
c256ecb6fa12bcb6e82b29638aa24d38a6aa13617063d5a149171e8081cdba63
Contenedor 2: ejecutando opcion 1 de 3...
6ee98d5cd4f2b34c3c7d44dd5a22340ba39561b556a7a9fefb6e90b0cc95bae1
Contenedor 3: ejecutando opcion 2 de 3...
9c0c0dc3fa91ab7892e09b4289676392110e823b2d105aa22fdce021e78bb4c3
Contenedor 4: ejecutando opcion 1 de 3...
9d7b10b422a7f741accd6c344eadefd8e444cf96a54d76d54b0df974ec26454a
Contenedor 5: ejecutando opcion 1 de 3...
3ee84d24635ca150023b5c3985d0b9ec2429ffa3753a101fa41b128e8288fc04
=== 5 contenedores creados ===
=== Creando 5 contenedores aleatorios ===
Contenedor 1: ejecutando opcion 2 de 3...
3110df617646d599ca061aff84ddcb0f3b8828f01da0dc130e5ebd0ef137491c
Contenedor 2: ejecutando opcion 1 de 3...
9448e3d2ae0344a59c002bd59d4f0aeb13585bddf148a8fcc79356a92f7903f5
Contenedor 3: ejecutando opcion 2 de 3...
da405a426cf250077428cc8704f3c699c66656dc83dca76ec892f2796e3c1062
Contenedor 4: ejecutando opcion 3 de 3...
f3d38daaeaa0c74d9c37454330567efe47d327702398332df6907241c4ce5e1c
Contenedor 5: ejecutando opcion 2 de 3...
3fb4c9dfae2c7f443b0d56b97db6303eb73b5326a88ca022ee5e3801afa12543
=== 5 contenedores creados ===
=== Creando 5 contenedores aleatorios ===
Contenedor 1: ejecutando opcion 2 de 3...
ef5b5ce238ab7d89147e7ced76597c399780461c48901827d8792825151f1f5a
Contenedor 2: ejecutando opcion 3 de 3...
99e6e091a9a1a2acb3d9735a4cb7e0ab3bab8141cdbf75ab103456c8e9a13da1
Contenedor 3: ejecutando opcion 1 de 3...
9c2c56b1d939bc5f5960f6707df22cbc7c2f31b9389a3fa6c29d2d6835c2df6f
Contenedor 4: ejecutando opcion 3 de 3...
d30551485973edb2539998f1930149e6b7416be1ee05b2d3b41aa94d188088cc
Contenedor 5: ejecutando opcion 3 de 3...
9b4e0e7ff5e01f559eb6b7f8a48c6b8cc3b5758d9f0a695a237902da37e3168a
=== 5 contenedores creados ===
=== Creando 5 contenedores aleatorios ===
Contenedor 1: ejecutando opcion 2 de 3...
6e6626b8489e7b79f6f62f7ae12cc2138be236ae41643e9b130125f5a4dd419c
Contenedor 2: ejecutando opcion 2 de 3...
f47e649d0b99a0d226e9c310c1ce6beb6ee366da2868cbd8ab216395d39dc2a9
Contenedor 3: ejecutando opcion 3 de 3...
70562f590f2a11c27e1f06cf77f8c218b2a4a95313329bda90c90f8097858508
Contenedor 4: ejecutando opcion 3 de 3...
d0c6d4cc74afdd804cf3eb7932f07b821cbc65f296b2438123fac6e49a83f8ee
Contenedor 5: ejecutando opcion 2 de 3...
7467195afa2eae2ce513f6fdeddc0688643130dc11091b2c84f92c0665340459
=== 5 contenedores creados ===
=== Creando 5 contenedores aleatorios ===
Contenedor 1: ejecutando opcion 3 de 3...
e92a198e646926ec2cd043fa647c41929a6642757cd92a955df0cbd5c7e06311
Contenedor 2: ejecutando opcion 1 de 3...
060a9597c21d5699a1f4e527e1d219a031524a73b0feb26bb77b42cd4f896d50
Contenedor 3: ejecutando opcion 2 de 3...
d175b2c2a6ceb448f6cb7b78bd178ea8d77fe270bb34bd33b475d6e85eaab821
Contenedor 4: ejecutando opcion 2 de 3...
ae8890045bbf099df04ba1bfd3b67733ad679f35a80b7df58a7a244b782b3923
Contenedor 5: ejecutando opcion 2 de 3...
fc5c41cece6f602022d887b4fd7d90f51513a4153349db88526529f7b023e3bb
=== 5 contenedores creados ===
=== Creando 5 contenedores aleatorios ===
Contenedor 1: ejecutando opcion 1 de 3...
144adf861b0ead1c223e2848d5e92e549126256cd00375bfbbe44b814e9f78bd
Contenedor 2: ejecutando opcion 3 de 3...
077b1d818c53ee170b5ab3dfb053f4ea245d7a9c7af841b1d5dfa1be901fbe05
Contenedor 3: ejecutando opcion 1 de 3...
ee889719f4acc14857310a86a3a9c7bfc9a60d0fd7936a876792b07647be590e
Contenedor 4: ejecutando opcion 2 de 3...
c52381d32f5f1ef9f51882988e4ebabac17af773ca1439bc07dfa906d251f9ca
Contenedor 5: ejecutando opcion 3 de 3...
7619833a4bc4b86393af702a891c7faaba25c29774e0d87656989d05f6885044
=== 5 contenedores creados ===
=== Creando 5 contenedores aleatorios ===
Contenedor 1: ejecutando opcion 1 de 3...
ede37d38dbe36728d68aa48b0f0a7e4542b2aafd077272c9cd1870eb919aab7f
Contenedor 2: ejecutando opcion 1 de 3...
53655edf2fd0a3c6e1ffb54976d4cf3ed235304c46155fc692679b9b1a034707
Contenedor 3: ejecutando opcion 2 de 3...
6096bad8fef2ae64ef298335d17999ce0b0545d80ed9fc1ddfe946d1551a9f2f
Contenedor 4: ejecutando opcion 1 de 3...
55bc3ae9cda583673bf379c4a868c138f67f05b3004720f794dd1e022a40e5e2
Contenedor 5: ejecutando opcion 1 de 3...
a054d2558e5a1ff248cb64cbac44780de31fdfb6d29121378d37a91739b82d10
=== 5 contenedores creados ===
=== Creando 5 contenedores aleatorios ===
Contenedor 1: ejecutando opcion 1 de 3...
a93d05ed59ce67ae0fee478560d787e97119ee38be1f77b7fe70945452bcb366
Contenedor 2: ejecutando opcion 2 de 3...
8392e9243d82b5a720426c123d8beac87a8044f7b4db7cd249d5e9d2aa1d4831
Contenedor 3: ejecutando opcion 2 de 3...
d4ef3471cac94f8f36acea861eae572832e75e4d907822837481be948f13f391
Contenedor 4: ejecutando opcion 2 de 3...
dc1916f2044ff0d664c29bc9e75fd9dd93ecaa4c03c6274167f6b61978922a55
Contenedor 5: ejecutando opcion 1 de 3...
858f8c13d7e93b6097b5d0a56dec5ffd4e179d8df8249acb8ea4feeec80f45eb
=== 5 contenedores creados ===
=== Creando 5 contenedores aleatorios ===
Contenedor 1: ejecutando opcion 3 de 3...
f967dcd6549170fce34676669afce946d6f9b7733b24bb71958a1af11cffa8d8
Contenedor 2: ejecutando opcion 2 de 3...
2f3e0371a5b0a976101382d0d28c61e2faee055f406b6ff0eddbe0b167d6c07d
Contenedor 3: ejecutando opcion 1 de 3...
78af58e3ecabff5b7615fe1db46c181b9c9d8e4f81cbe8a27e00e558fad4c846
Contenedor 4: ejecutando opcion 3 de 3...
0d09e81bb657f4f6ee066ea10d568cc0b950738c3ff16ea661d4de7d064b4ce1
Contenedor 5: ejecutando opcion 2 de 3...
b959f90cca0341099f0afce0ad43db7f54a5a97346f6c3d374efb95c4e71d9cc
=== 5 contenedores creados ===
=== Creando 5 contenedores aleatorios ===
Contenedor 1: ejecutando opcion 1 de 3...
d29be49d0365683927e8697932732192274a0ca0d746b06a8a616225a756b21f
Contenedor 2: ejecutando opcion 3 de 3...
cafa0173ea3714947e4f9d5b14a865eedb91eef35f7c8632b0a2812024351077
Contenedor 3: ejecutando opcion 2 de 3...
062c25a4338272a9be6e0d80ad876285b2258d2e2411a5a7a5a2761aa0d098ed
Contenedor 4: ejecutando opcion 2 de 3...
0bcd328b3871e03ba593ec47ea7bc826337f7c29274fe0fd4cc6cca85e418b4e
Contenedor 5: ejecutando opcion 2 de 3...
9c91b8c8e93d14865b6eb4bc2acf8b146c57823bc55c6cd1075f957d185e9a2d
=== 5 contenedores creados ===
=== Creando 5 contenedores aleatorios ===
Contenedor 1: ejecutando opcion 3 de 3...
247b175c88cd47d5966bf2758b065ca915eef4a5b05dd0938dddc4be62050aa9
Contenedor 2: ejecutando opcion 2 de 3...
cc43411e827ef96644265dda2ceda1b66146508ad4f47a0597c935fc8fc25675
Contenedor 3: ejecutando opcion 3 de 3...
4304fdccbdf08213a676df529e0983fe1ce60bfc06c5b51adb625cb1412608fe
Contenedor 4: ejecutando opcion 3 de 3...
58195ddef233f2737e428a3e70d88545b594df74d23cdfcc78373e879f84107f
Contenedor 5: ejecutando opcion 3 de 3...
813d55ea8dc4aed2604a4c27e840bffb37dfb587bd2f6829d49d79f13ec06acb
=== 5 contenedores creados ===
=== Creando 5 contenedores aleatorios ===
Contenedor 1: ejecutando opcion 1 de 3...
d4e0a21befd3ea0fb9521a5573d8495f9277bec7ec503914b317bd7b6003fb30
Contenedor 2: ejecutando opcion 1 de 3...
b1c3feacbd647963d14d460588fdd3c980e16ce83991cdeab8849d30f7edcf02
Contenedor 3: ejecutando opcion 1 de 3...
e8df1ee5266dcce27bcdb9a573cac534c4e9d5f304b8c01b1aea0d15a864181a
Contenedor 4: ejecutando opcion 3 de 3...
0cd2d76e27251673b25055da8c3e6ebff9ad12e020b62e86056959f9f721270f
Contenedor 5: ejecutando opcion 3 de 3...
17a7137ad710208721aedb7b100a2bb7f9a127aba39106622c06cc1b3a14f156
=== 5 contenedores creados ===
=== Creando 5 contenedores aleatorios ===
Contenedor 1: ejecutando opcion 1 de 3...
b7958f401c96b9348092ba1c2140949a19dceb551f956b72a08ec94c767abb14
Contenedor 2: ejecutando opcion 2 de 3...
eb4c646b6dfd6dcea30ff9bf2bafc31bb5aa3ea1b39cd3ebcc4a78d0f1c7399e
Contenedor 3: ejecutando opcion 2 de 3...
3ba36162200fb1de150d36ede22e628bef6096d30020def3f8a9fff19fe3dd27
Contenedor 4: ejecutando opcion 2 de 3...
046b3f5d40c5b7e51a2ab457401b44728c2e6c13c79e96c0750553f85569bbcf
Contenedor 5: ejecutando opcion 3 de 3...
6e57feca5445592ba15d6c0272f6e7ec04d7989da6404c5332eaa39d485ba29c
=== 5 contenedores creados ===
=== Creando 5 contenedores aleatorios ===
Contenedor 1: ejecutando opcion 1 de 3...
e3444cd44e106c33b8b02e6a28ed6486be6a8217d265103b4c303c021665b72f
Contenedor 2: ejecutando opcion 2 de 3...
0f13ac552732f0f1ab83c2b5e84bbb1b18f3713bf22b78b4830afd9b1febee3a
Contenedor 3: ejecutando opcion 1 de 3...
fef9336442818087caf296cd41a316fccfee5bd85992b32d653039b5456bf7e5
Contenedor 4: ejecutando opcion 1 de 3...
774f8f13360f3cc0d6a3c3a282ccbb6ea3030eb52a56b80809cfa4ad8af95ec3
Contenedor 5: ejecutando opcion 3 de 3...
0184c2959c572c2f6d51b5be95e876d0e46b979a05498e6cdd7305abeb371847
=== 5 contenedores creados ===
=== Creando 5 contenedores aleatorios ===
Contenedor 1: ejecutando opcion 1 de 3...
12cbf1859e33fa3d93211d67922dcf440224162321fb14d7e203036672583a91
Contenedor 2: ejecutando opcion 3 de 3...
74502da30022fadc3e82acf74302454e007d944bcffdc1f483ae3cb53afc1193
Contenedor 3: ejecutando opcion 2 de 3...
a7b0272d836dbfec6282b0cd035cf0c075085a65b3584f7b5a368d786154293e
Contenedor 4: ejecutando opcion 1 de 3...
e7e7e8780920685517f0bc8c52ce5092b60c48eacd954a12cf3687b60fb73594
Contenedor 5: ejecutando opcion 2 de 3...
9fdd9ab4da8d55aa2268e1fc8349fd5e305c2dbdec99bdaf328d7bdd1c8f423e
=== 5 contenedores creados ===
=== Creando 5 contenedores aleatorios ===
Contenedor 1: ejecutando opcion 2 de 3...
1029088f016c6b610e4433d992239986e687ec32350169694dab4b381bea3844
Contenedor 2: ejecutando opcion 2 de 3...
9067b51f47ecca6d7663a82c21a91e6f99364d057acb8a0b09abe5b3ac40c4af
Contenedor 3: ejecutando opcion 3 de 3...
14ef028bf21f89ecdf0132bc4f3ab3a36285c71b32fe2d9312b8498e1e430bc0
Contenedor 4: ejecutando opcion 1 de 3...
2646dc11064b9322f941f73cff23e63baf93d8d2871af3d49879efa0230897df
Contenedor 5: ejecutando opcion 3 de 3...
c2109f3323c6036b0d1a3217f78d8308a293f564719db648bb51923d4073d043
=== 5 contenedores creados ===
=== Creando 5 contenedores aleatorios ===
Contenedor 1: ejecutando opcion 3 de 3...
d57876089d72edd419a9e9916a039f398b1c7ca1d31e4bf7e9ad4e3a9e3a97f0
Contenedor 2: ejecutando opcion 3 de 3...
bed91e937605ab477238e066803826961563afe2014d109050955a3f5e7d9d20
Contenedor 3: ejecutando opcion 2 de 3...
478cc44d85e4e5d6c2c88de97ae47a7d8f2b6074450fc93adb40c4411b72281c
Contenedor 4: ejecutando opcion 2 de 3...
b633889de5b22d51492ae69479ba4b0b5c51e4007ea0dcfd5cb2598efa4b5f26
Contenedor 5: ejecutando opcion 2 de 3...
c4cec527991e9ade43ab2560b985d292f15663dea6c4d81e14b5ace4ceb577f4
=== 5 contenedores creados ===
=== Creando 5 contenedores aleatorios ===
Contenedor 1: ejecutando opcion 1 de 3...
df615269e769953740130a826e25adcda5c90735a30706a4618ae1e80fc5a2f9
Contenedor 2: ejecutando opcion 1 de 3...
a8d364a3d7c85d5b71986dff92b56db58cf52c7bf94b27276c18b6497d8e8a3f
Contenedor 3: ejecutando opcion 2 de 3...
3bfb2c905b3313041801b22fd40a6504bda78cb57222c404da6af5f05c1d7316
Contenedor 4: ejecutando opcion 3 de 3...
1489b4900de5fd180593419110b2bc92745dd3997735ce3927ff6f62e75b0ab6
Contenedor 5: ejecutando opcion 2 de 3...
92b1804870e733e37a088b0183042e8f91b1e03d1fae87bfda96f839feec848d
=== 5 contenedores creados ===
=== Creando 5 contenedores aleatorios ===
Contenedor 1: ejecutando opcion 2 de 3...
2a7613e8fa650bb0d4e2fa5a5ea473aaaf3bf66328cec7d69c167970d4bba557
Contenedor 2: ejecutando opcion 1 de 3...
4f99fe47fa04a86c85fb98504be420299e0624f338cb910b4d53b21807b200da
Contenedor 3: ejecutando opcion 2 de 3...
0a6980e2522181ae3b153a25cc2bc530d250864e55b25978e8d2572861390b68
Contenedor 4: ejecutando opcion 3 de 3...
59779a0275efde877649d94e53756e47cbf22ff6581be353a32810c543757ba4
Contenedor 5: ejecutando opcion 2 de 3...
ab5f48e9f198eaa9f457d8b3c82ee001a213b055dd5ef38583a9df108f59884c
=== 5 contenedores creados ===
=== Creando 5 contenedores aleatorios ===
Contenedor 1: ejecutando opcion 3 de 3...
46db4131e4a7e471094f661ae2ee7e0fef78aa28eaf793488c411aea038fb1eb
Contenedor 2: ejecutando opcion 3 de 3...
fc00f7d178cede96ccd3f0abb989bd7a6b0c96f5f35a6ac127f9b1f475de92d0
Contenedor 3: ejecutando opcion 2 de 3...
1b131c8459e60f01c252f1c8ccbabc1b220cdde561eb098a9b9abdf73128d4e0
Contenedor 4: ejecutando opcion 1 de 3...
9d38eaac12834eef349d2667512157a0a948c8f70b876fd7696d7a94c6d3da36
Contenedor 5: ejecutando opcion 1 de 3...
2a9183f563dfe31cbfac9592ec1bdf14813dd4e3096f64e5b4c3aaa3ffdafcb0
=== 5 contenedores creados ===
=== Creando 5 contenedores aleatorios ===
Contenedor 1: ejecutando opcion 1 de 3...
46431ddf9f317c525877a393a3e4e0f94c6464cefa08a8db80235e242b9885f4
Contenedor 2: ejecutando opcion 1 de 3...
4d52ea552c61237ac9e5299a78124de74ee7d23713826223428004b452b94667
Contenedor 3: ejecutando opcion 3 de 3...
cda08c07652bb0f052df687cd0a06437f2e5700a3a16ca9f3ffb5299a6d1d6e6
Contenedor 4: ejecutando opcion 2 de 3...
18d736b2d86153f9f4bfb6ed36737d03179a8f6a511d218218f6d20a1007dc6d
Contenedor 5: ejecutando opcion 1 de 3...
78594d83e6f2e8073f6c6c69aa68ba4b9a195594d12eaacb03edb601746180bd
=== 5 contenedores creados ===
=== Creando 5 contenedores aleatorios ===
Contenedor 1: ejecutando opcion 2 de 3...
11c323d334a773d1522ddb34c4fe0cea369a53bb97d6567d85458249b34a21d9
Contenedor 2: ejecutando opcion 1 de 3...
61bce612f91832a1554bb1b64f06d78437e9ee86bcbcaa64d715b3d40fcfb5a2
Contenedor 3: ejecutando opcion 3 de 3...
e1694f8516501e5ba2a7bdf0532021ce7469182d7f12e3f811337e9c0ef73bc6
Contenedor 4: ejecutando opcion 1 de 3...
59fcbba63a526f1cf2fba3d686c1eefc1d0f4c648cd62159181506edd446426a
Contenedor 5: ejecutando opcion 3 de 3...
29cfbdcffa056fc6a9381175eb45799214b6809f85257de2ee61500ea743ab6b
=== 5 contenedores creados ===
=== Creando 5 contenedores aleatorios ===
Contenedor 1: ejecutando opcion 2 de 3...
3bfcf40242afc1ad2eb646c56b471d4cea806e7efb1b060ee94bb215b1b36677
Contenedor 2: ejecutando opcion 3 de 3...
1d733ef052aa12424f16e2a1e1512fb1ecc48fcd3c51ca721c3e099a13f23952
Contenedor 3: ejecutando opcion 2 de 3...
f53e1737c316103cd61b077967051af5ae983d66b624732ba4888a768bc61c23
Contenedor 4: ejecutando opcion 2 de 3...
51ec1508f9a769db22c48e01809e3f79d22eced48fc33288dfa4d546671bbdcd
Contenedor 5: ejecutando opcion 1 de 3...
d064cdd9a3d0b69c57a4e1384c540db63ebbf10e79529f2fc52abdd2245b1b6c
=== 5 contenedores creados ===
=== Creando 5 contenedores aleatorios ===
Contenedor 1: ejecutando opcion 3 de 3...
c03380acbf8c6a98491d5e8f44fafecfc416d0effc0b6e9e7850c7445f344379
Contenedor 2: ejecutando opcion 1 de 3...
d80d9eb4cc6965cc899cd23aff771e527d10da807f975c8887cf12a1801e960b
Contenedor 3: ejecutando opcion 3 de 3...
e6936f325bd622ccf44eb4622f38435ccd28caa605e77aaf3b5c9303d9c3e98f
Contenedor 4: ejecutando opcion 2 de 3...
f179007cb5ce74db07a6f43139333fc2a607d9d3b5807795e7fe798a58e11d45
Contenedor 5: ejecutando opcion 3 de 3...
e0f9805cad6836732f6e4924fa238c225c7f94280b94cbf21084de4e3b62a608
=== 5 contenedores creados ===
=== Creando 5 contenedores aleatorios ===
Contenedor 1: ejecutando opcion 2 de 3...
124a4336f0c6e0af1548188fd965e86d56433fa161b5d5ad95551c64512d03b1
Contenedor 2: ejecutando opcion 2 de 3...
39cdfb26b64d731e714de745612ade851e5e5a14141cab4a3ac8bb4a40e958e3
Contenedor 3: ejecutando opcion 3 de 3...
5a3a19254581be137ebaf8961d382386be40423a671c28bd23c62f972bb297e8
Contenedor 4: ejecutando opcion 3 de 3...
1a62077eb5fe9b3cc86f8bf835dd7db707ec25c3b800bf0baea47338af6f15e8
Contenedor 5: ejecutando opcion 2 de 3...
c280d5762594b53011ce641a8cbf736403883eb4a4133a4cd6b983c3b7094e17
=== 5 contenedores creados ===
=== Creando 5 contenedores aleatorios ===
Contenedor 1: ejecutando opcion 2 de 3...
cc7a9e68e82a77d835ee423ca6bd8da54d6411aab17adc0166c981fded2f51d9
Contenedor 2: ejecutando opcion 2 de 3...
3ad0f0b4d4f4efd19ffc803749fffe0cfdf4256237bcff4f4772cc14d351d59c
Contenedor 3: ejecutando opcion 2 de 3...
4915fb90cb0d68dd861a54606c25f6905d4a79ec7dc5ebe3fc01b5a9e574b1c5
Contenedor 4: ejecutando opcion 2 de 3...
194048b9421b3340b83704cd0891f13f72d71dad85371a45056a5b5efa477bb2
Contenedor 5: ejecutando opcion 2 de 3...
66c0f3d47705e5901e25d84d6ab992c21e87f6f35b1a25bfc0f76599e6cde9bc
=== 5 contenedores creados ===
=== Creando 5 contenedores aleatorios ===
Contenedor 1: ejecutando opcion 1 de 3...
f6b6b203f96b3cc4e821336cfeb672da990f69cafe28e9a6202db6e1a2e67913
Contenedor 2: ejecutando opcion 3 de 3...
24feb82ad0e09c64609b0b547a30c2a556c9888aeca0e4e1c44312a1949205df
Contenedor 3: ejecutando opcion 1 de 3...
c76f7a38d2f71fbbb27d47ae26fe8d80fd76cb3951effaab9e4b76348130e316
Contenedor 4: ejecutando opcion 2 de 3...
7ec38f03170a433bb55f6d0d33b43731c7697126a6bfea19413d648c36640a1c
Contenedor 5: ejecutando opcion 2 de 3...
2d4f50dae1150dbdb92f7da1485e0ebe2511015bd994f07ad43148ea7bda5a99
=== 5 contenedores creados ===
=== Creando 5 contenedores aleatorios ===
Contenedor 1: ejecutando opcion 1 de 3...
635a4ffd47b43a995844a15cb05156e2adea191533cd1cedb7e6e3051247c04e
Contenedor 2: ejecutando opcion 3 de 3...
c99a532bd0d7ef8cc419c04af30cf280864dd0472720b5e0f249d56d81bc3da2
Contenedor 3: ejecutando opcion 1 de 3...
c621f782d1b39f0c45d5eab7f5219d578174711ac6e2aa4b7b377d64de21c2a2
Contenedor 4: ejecutando opcion 3 de 3...
5d76f24b38bf6f6414aebe1f1bcd0e7d809459919be21ff1059ad40193600410
Contenedor 5: ejecutando opcion 2 de 3...
dd4db9c00a0e6cd13b2dbc36ac1900720bedaae94b4f32a7c2e70654b2810598
=== 5 contenedores creados ===
=== Creando 5 contenedores aleatorios ===
Contenedor 1: ejecutando opcion 1 de 3...
3d6829d34cdf3e1169640a5e024b70d0a560b8e52a4b5a873c38c771a52f13fd
Contenedor 2: ejecutando opcion 1 de 3...
1aee069eb826cb68556556c7d8c9ce6310b9905b67381173c2bb20e3d732c3b4
Contenedor 3: ejecutando opcion 2 de 3...
4baa69b77a4ca8aefa84d9c9b2e2ecde748f5af259bc64037ebe68c13e216381
Contenedor 4: ejecutando opcion 2 de 3...
6ac671c1fddb9d7f2e22d0b1c0eb25815763bd83189d689c55a29721a5154a12
Contenedor 5: ejecutando opcion 2 de 3...
a20d7c13332605ac69aba2735a1fc0cb69c2842afd6a6e3eae6487f94b7207df
=== 5 contenedores creados ===
=== Creando 5 contenedores aleatorios ===
Contenedor 1: ejecutando opcion 2 de 3...
49d05f5adc2a4575e1a84a1ec4379282b69218b34e4f819560b78fcddcc78197
Contenedor 2: ejecutando opcion 3 de 3...
ea0038921e46a1eb7e452d4e347cd252996add2b1bdf866873adc6b9cff4eece
Contenedor 3: ejecutando opcion 1 de 3...
18d8498291cce00486008e80789e5030525088b81ae9ff6fa7f672b04483ba98
Contenedor 4: ejecutando opcion 2 de 3...
ae455b1abd3d0ba6a2b00c298a9f9ae08dd52b90f02417ba5c6af7c3baccd5a8
Contenedor 5: ejecutando opcion 1 de 3...
fdfdfe9978a4ffd040dee843367a624fb7c202c4b986313db09134799cdc0ef5
=== 5 contenedores creados ===
=== Creando 5 contenedores aleatorios ===
Contenedor 1: ejecutando opcion 1 de 3...
68870ecc110f0df1bb0b00191def00426924af3ac3fe012639d1a30811a99abe
Contenedor 2: ejecutando opcion 2 de 3...
7a1eac688fd1745eec04bc5820cd7d5974dd8e2021db1a86a827208c96187c22
Contenedor 3: ejecutando opcion 2 de 3...
8ed0102dc4c68a0f4b85290f8e4b1407154f86957d3d83607134dc439334dc4b
Contenedor 4: ejecutando opcion 2 de 3...
3adf1ed3ffe48566ca153dd25a0bee5728f614c8b3b97ca26f30aa76f520a3f7
Contenedor 5: ejecutando opcion 2 de 3...
36a9eb769bf8404116ebb974a980f8ec3f934ca17f1636adcef5c782334e2ced
=== 5 contenedores creados ===
=== Creando 5 contenedores aleatorios ===
Contenedor 1: ejecutando opcion 1 de 3...
93430f5437aa200cfab0622702ae0aca8a0e5282be5af54f48198688e97d7903
Contenedor 2: ejecutando opcion 3 de 3...
65e268948d3b0500425bf3519d92948d8601f18def33af45f343a2c31c47574d
Contenedor 3: ejecutando opcion 2 de 3...
c87505af28421a42631206f122c5c4aecf4c445ec05a707db8ca202c659c147f
Contenedor 4: ejecutando opcion 2 de 3...
dae448b22690badd8e560241f013b6ba4cb65a5c035122a1154de3538153870b
Contenedor 5: ejecutando opcion 2 de 3...
1c045d2497401ac69812702e9d3c3bf59c02063ed4a73c3a207bc21b4a25ed42
=== 5 contenedores creados ===
=== Creando 5 contenedores aleatorios ===
Contenedor 1: ejecutando opcion 2 de 3...
4cb5c7667e4be39b6407ebf6609ea7a97906abf907e2336f527c15896b915846
Contenedor 2: ejecutando opcion 2 de 3...
aa18ea60064ff87f394f96ec8d3e376c8b4610ab6805ae47b7812c618b161183
Contenedor 3: ejecutando opcion 2 de 3...
b8175b8de73ada2040ba248500ed1e4b3a9c65f64bb179bec34c8888e955eb26
Contenedor 4: ejecutando opcion 1 de 3...
d2192b730d7c8fad484ed25be0ea9bec7b5f584e6840e897441dd669c0a6e6ea
Contenedor 5: ejecutando opcion 3 de 3...
40bee0a5118e006d54ace5c277cff4880d051c9bbbb1fd283fb3c6e4def208b3
=== 5 contenedores creados ===
=== Creando 5 contenedores aleatorios ===
Contenedor 1: ejecutando opcion 3 de 3...
9891c191b2c9c2e92fbcdfa571cf3afad4752c4e3c0542449695c7f47fc2822d
Contenedor 2: ejecutando opcion 1 de 3...
a0c7afb8246fdd61db82b76256d5e3add80e23b54809d85b1c8818adf654fc04
Contenedor 3: ejecutando opcion 2 de 3...
d95668036e8d20415a70c9350558ab28ac2ad58c6c63c5806ff84efbb44d9050
Contenedor 4: ejecutando opcion 1 de 3...
e093875d7f46939434f7ddea9ee01c515206396ea8c7ab7cb323f5eb4ed22f29
Contenedor 5: ejecutando opcion 1 de 3...
5a5a05407f3fc81415902f996cb979bb968d264ec5a4aaf458fff189d4644573
=== 5 contenedores creados ===
=== Creando 5 contenedores aleatorios ===
Contenedor 1: ejecutando opcion 3 de 3...
33d903100403f12390c321fb9ce2af37241b968d25aa6f42890a0ea975d59baf
Contenedor 2: ejecutando opcion 3 de 3...
21f1e672b449125158f03725b3e56f972b1cb13ad0c3732daa79e8136cc3cfd0
Contenedor 3: ejecutando opcion 1 de 3...
c6a7a48fb90c64c6e25cd8ee92ce3cd0f09f6244f568e0f6d7de161e0b73e18c
Contenedor 4: ejecutando opcion 2 de 3...
d373fe721bbccf03df741792e5f2fdec1d9a4168bed141a94a73167a3c0597e5
Contenedor 5: ejecutando opcion 2 de 3...
07dea0ef9f9f20faa053c1f7d365b01db13bb62ae6928c5a7c69d05bf7fff6ef
=== 5 contenedores creados ===
=== Creando 5 contenedores aleatorios ===
Contenedor 1: ejecutando opcion 2 de 3...
565c21bb506728e886db0b2bb0341d857e05342af92bfff3db4cb9015cdd6a2a
Contenedor 2: ejecutando opcion 2 de 3...
82caf8240de2929ac455137bc5c1db1d742d3e08f24c3165767309bb911e7bd6
Contenedor 3: ejecutando opcion 2 de 3...
feaa66fb52c594e504e1bb9c67827d547f490481bbb3777528876618e2f3f4ba
Contenedor 4: ejecutando opcion 1 de 3...
94f17207d2c9af4d32cc59156d78fe1aad8b050d4e7a0a593189661ed638b710
Contenedor 5: ejecutando opcion 3 de 3...
d4b57f091eab7dcf10d543a5445fa2c980012cb9933653729fd9abd7a9da33af
=== 5 contenedores creados ===
=== Creando 5 contenedores aleatorios ===
Contenedor 1: ejecutando opcion 2 de 3...
8dba00566bad870f89c053d327ee37f6a9b85769063a081407617350ecdc3e30
Contenedor 2: ejecutando opcion 3 de 3...
e1fa93d2125a58bedda2c2d179a0040bb95c7f606a3c73677d44c619de575bf1
Contenedor 3: ejecutando opcion 2 de 3...
ce134038bf00a8111088cc6578e0cd37e0bfe5de0e4748b2ff8fa8934f43b33b
Contenedor 4: ejecutando opcion 3 de 3...
259887d836e30348aa70bc522cb6a5250963acdf690d2a08c718f01174ca1b40
Contenedor 5: ejecutando opcion 1 de 3...
7724965f91903e6c3cd687fa63a5561de145fc77ab5ace150ca8b7705b7aa782
=== 5 contenedores creados ===
=== Creando 5 contenedores aleatorios ===
Contenedor 1: ejecutando opcion 1 de 3...
4245b71ac0e8b28e0641f2ac244ace10032b5d9d5e1f79ae0e2aa43b2c79fe0f
Contenedor 2: ejecutando opcion 3 de 3...
d47ec6112aae9336efdd0c2fc903e8b9bace6116633abcc6311fb46c67448b4d
Contenedor 3: ejecutando opcion 2 de 3...
1dcbb2704aadcc68314bfe05d8c17b30d7b2c43fd36b6f1c8eea4e5fce3529bf
Contenedor 4: ejecutando opcion 2 de 3...
bb1f5522db412e1d0d4e3dc144800f0f16b01f0e420bf145f3597310d7b11495
Contenedor 5: ejecutando opcion 2 de 3...
aab2ffd8cd7bada98b07d0a15ddb8a70915a579ed42c39bebd09b0f68f81da9a
=== 5 contenedores creados ===
=== Creando 5 contenedores aleatorios ===
Contenedor 1: ejecutando opcion 1 de 3...
2ed35fd86d0a9b753c7dafad41ab3e3e11f44714f0f54ea489efe51d48acb2d6
Contenedor 2: ejecutando opcion 1 de 3...
33fb9aba0358c8852ad6f088f69a184b4044561ac80541b1f56afe5a3c64fed8
Contenedor 3: ejecutando opcion 3 de 3...
96f2316321c93be3acccb04a405e34620ae6defd160baba8ae449f1f62539435
Contenedor 4: ejecutando opcion 3 de 3...
4582b92c24f1c59ac8595dbe0ee87a4fd3608ca7a20e44a140b13309f1849590
Contenedor 5: ejecutando opcion 3 de 3...
a815c6187b1dd3f3d4ffb61e1ba8b9699760f2ec6e6032bd8e2ba999af3e8bb4
=== 5 contenedores creados ===
=== Creando 5 contenedores aleatorios ===
Contenedor 1: ejecutando opcion 2 de 3...
89e59a8a85e3ae6fc554054c85aeb6ce7b51daef4c197d95084530c249b99576
Contenedor 2: ejecutando opcion 1 de 3...
fa75a4e65b7fd3e938360aa3fd6c2db65850044e3793f7be8c47412f365faaa0
Contenedor 3: ejecutando opcion 3 de 3...
57816005dd78b02795bbbb96be3f4b617f294d2b7d4b1023c1a6d7511960622e
Contenedor 4: ejecutando opcion 2 de 3...
192e9ea89d46741a5f83d4e4f374965ae783ab95d9f556f04db267659f0101eb
Contenedor 5: ejecutando opcion 2 de 3...
648468976e18072f870c39217ba02496896267b5b61b9f05c8186d2402ef3afe
=== 5 contenedores creados ===
=== Creando 5 contenedores aleatorios ===
Contenedor 1: ejecutando opcion 1 de 3...
0c7eac4fa4dc505f8fc8ef7223dae1201fb4c652932fffcf9ba0fe6a6e89782d
Contenedor 2: ejecutando opcion 3 de 3...
4eb172284771bc871d61a30bc1fcafac605cf02ece9d7d2f2a4b66d98a1c1f6a
Contenedor 3: ejecutando opcion 1 de 3...
62356d7e6af4c396cfcbdaee4d5f3fcf542e7432d80d2ff85aca4e4953151b6b
Contenedor 4: ejecutando opcion 2 de 3...
2c2bfa13aa08103568275876f408aeb3c03537aabac055a6b1350489cfb5a3a0
Contenedor 5: ejecutando opcion 3 de 3...
f785aef6e5d2e4f89a39910dc44944e3680589c31f1cb1918e44cda2d96e8a8b
=== 5 contenedores creados ===
=== Creando 5 contenedores aleatorios ===
Contenedor 1: ejecutando opcion 1 de 3...
473f5c2abc670b83bda296a0fcd0eae7ab63dae6ca450dc20bcc2c0093030a30
Contenedor 2: ejecutando opcion 3 de 3...
6c891d0e0982a3bc705f2f2fa28c2a829bd88474af11a8d755d4c1e9c2e0283f
Contenedor 3: ejecutando opcion 3 de 3...
5921e79864cc35196a179e255d62f698996a46ea1ab8413dd43144e5fac704e8
Contenedor 4: ejecutando opcion 3 de 3...
589cb2167c15a7069c19398fe8d1315ca84fb931bb582b0e7402c9156cd52cbe
Contenedor 5: ejecutando opcion 3 de 3...
30ef23da77f98999e4c9210e665dfb69f45dc4d85975d4ddce764acf0579d87a
=== 5 contenedores creados ===
=== Creando 5 contenedores aleatorios ===
Contenedor 1: ejecutando opcion 2 de 3...
c603c24e286b38e5642c993e96958b34663c7c62d5cdb646525dc35f164c6ebc
Contenedor 2: ejecutando opcion 3 de 3...
eaf29bd90b3df24e4c10061ae9941fbe681ed5063bfa77fed454aab9e769b743
Contenedor 3: ejecutando opcion 2 de 3...
c45861166aaf8772dd22923b4cf50fdbe73d807a2536bd2916fcab22646af674
Contenedor 4: ejecutando opcion 2 de 3...
a08ac841dacfd280abf9a5306fe4cab463fea596b8463e00b2e08235e98fe69e
Contenedor 5: ejecutando opcion 3 de 3...
9d3d7966ce1cdd08d23c510c0c5a1979a248590345009ac9db75d7c8be89c97c
=== 5 contenedores creados ===
=== Creando 5 contenedores aleatorios ===
Contenedor 1: ejecutando opcion 3 de 3...
6a4ef681172c21ae2f644bd7f25dff2793ceb97ea7a0ef1c5a3a97b8c6851f5f
Contenedor 2: ejecutando opcion 2 de 3...
26aabc554b09fae3ea98186de06c682300fd022aeae82d7042d13802439a7a45
Contenedor 3: ejecutando opcion 3 de 3...
814f91ae60c9815daf2f1f5aa6a36565f4b9043e6c2c4f156cbccb76f1a662c9
Contenedor 4: ejecutando opcion 3 de 3...
f587074dd8bbc0e139e474a90f97b0ab69057686c99d63f614a439a5a6fce1db
Contenedor 5: ejecutando opcion 3 de 3...
ff0c54553b3acba36fd5b55d08018b984e45d1348f39e1f72f259daa8f474535
=== 5 contenedores creados ===
=== Creando 5 contenedores aleatorios ===
Contenedor 1: ejecutando opcion 1 de 3...
8a35416a1529c1b8de1b4bbd1c135b6c5f53ccd905fc5f27bd324c83b42ae8c7
Contenedor 2: ejecutando opcion 1 de 3...
8fe5c937faaf6f9468451fbd0047424392194c3a2802952d923487a48239d53b
Contenedor 3: ejecutando opcion 2 de 3...
03c5e034c83a0a57235d46427d5a9157580e62ec892096939fec8aac83c41e93
Contenedor 4: ejecutando opcion 2 de 3...
0ad3675784bd3571b1aaeb3a0bad0c352b6a310c55a4afebaf4da55e3f351389
Contenedor 5: ejecutando opcion 2 de 3...
f568e5d974a21b91e9df389099aeeb3908ad18cdf3a7bab1239b353d36cfccab
=== 5 contenedores creados ===
=== Creando 5 contenedores aleatorios ===
Contenedor 1: ejecutando opcion 3 de 3...
58e30b428f8e1f61d7e9eef4acb46107d9f21db840bdf79e4fcd24d0985115df
Contenedor 2: ejecutando opcion 1 de 3...
34797e00b8474e94991a3b4fdef31c90fa650affceea9e489ec81ebf9fa7e68f
Contenedor 3: ejecutando opcion 1 de 3...
a2d52ab0430ee20a79aee843aef9ab8a05cdaa6516d051fd9285924491c836d8
Contenedor 4: ejecutando opcion 2 de 3...
e21bb4bd8934815ef6b957e9a876326a53fd265058f7fc3fd8cbdfd2b5d5f5fd
Contenedor 5: ejecutando opcion 2 de 3...
7e534c2f4f3fa438170aa22b2734f9ab7869cf655aedc7a70a8f110e5d15104b
=== 5 contenedores creados ===
=== Creando 5 contenedores aleatorios ===
Contenedor 1: ejecutando opcion 1 de 3...
067a5cda528abef7760760f7dd51dc7b0fc762fdd6b9df72ecc0b730445500c9
Contenedor 2: ejecutando opcion 1 de 3...
ae598deaf348616fa470f9340fc1acb055deef3a4e518a97f560cdae41285351
Contenedor 3: ejecutando opcion 3 de 3...
17c94cc4c61dd891c7c6032b7f4c27e35dab5df7b4da234f098d15531eb20413
Contenedor 4: ejecutando opcion 1 de 3...
9996d663ddfb34781ff92adf3f0c40d83b0048346b403d1449b68803d4bdded4
Contenedor 5: ejecutando opcion 1 de 3...
d3c128a055a831a660e8d624ddf0cf4b00ef24f57874da85d0e9fc9972ef9e1d
=== 5 contenedores creados ===
=== Creando 5 contenedores aleatorios ===
Contenedor 1: ejecutando opcion 1 de 3...
1208d17cdef4c7fbb1e920cf50336b4993d68b319bae43e47eb32c6f7e833841
Contenedor 2: ejecutando opcion 1 de 3...
9b566e546fce99aa4c553794b20e058ec90bbb340f707d7549f6d881cdda1b4d
Contenedor 3: ejecutando opcion 3 de 3...
b5baa77a9427962402e030a1d82c107326be2e1031a468d6813b88d66b28845e
Contenedor 4: ejecutando opcion 1 de 3...
95d8d25dd406531f06f24af2dcc5dae3c002c972048971f6d008a7db89bf2167
Contenedor 5: ejecutando opcion 2 de 3...
77fa35ceeec10f76b8fd3c44e3e1a68a2a34199b7fc8f6b8c36b3e351cfc047e
=== 5 contenedores creados ===
=== Creando 5 contenedores aleatorios ===
Contenedor 1: ejecutando opcion 3 de 3...
e7950dabab1beaf8700f0b73b1971b041c955ee4667b62a1b9768d840fe83001
Contenedor 2: ejecutando opcion 1 de 3...
ed1a8846819ebd3347351c11b245520229aff5959083339ddfdd220d3faefa7d
Contenedor 3: ejecutando opcion 2 de 3...
b42a932e47483f09417f7f1e75f0dfbf95638c8901fdd4d6c9acaae7143d1000
Contenedor 4: ejecutando opcion 1 de 3...
2b6c5f83bc16a7e3e34e7c921bd76e9b7fd698c96172aeccc0e8232c139bb40d
Contenedor 5: ejecutando opcion 1 de 3...
3b8afb91c98cf404ccd577bfd840a009c9bb6a155318869785d79192fe2f5029
=== 5 contenedores creados ===
=== Creando 5 contenedores aleatorios ===
Contenedor 1: ejecutando opcion 1 de 3...
7c47e01b9362d6aca24a7d4709a528e934001fcae17c1104528f99cf9631f616
Contenedor 2: ejecutando opcion 1 de 3...
ffe84cc73e822202b7da781f80f81b2c9f608f66b9cd129bf4bcddb4be3d1347
Contenedor 3: ejecutando opcion 2 de 3...
63a31abd4c8e30b0ee31278ea8c2d0916a051eb19e065afe54be88e5f7c9ecbc
Contenedor 4: ejecutando opcion 2 de 3...
6c9365ae1fd2d937588ab7ea8f3da2f709e67e4f554b52fbed1340d5dc7d4754
Contenedor 5: ejecutando opcion 3 de 3...
ca1a8e82db416f4c89b535e6f21d51eb86d06b92d1c720a76d046e90c64b0e72
=== 5 contenedores creados ===
=== Creando 5 contenedores aleatorios ===
Contenedor 1: ejecutando opcion 2 de 3...
9eb42bc479bcdc4e5812985996feed9125ac638a08d2351d6d5817f063de465d
Contenedor 2: ejecutando opcion 3 de 3...
960c439c632ccbabe97bdafc4d9a8c66dd3251262644af7aacb9039212c762da
Contenedor 3: ejecutando opcion 1 de 3...
9f386c5f9d6af91fb6baa67f591cd58ecfbe00624c92afbefaf58275ede91612
Contenedor 4: ejecutando opcion 3 de 3...
d936b235ff75f9302fba0f48eb00f44685312f98c0ee06417b5b969561b1b411
Contenedor 5: ejecutando opcion 3 de 3...
7ae6d45d3c01583a4d051d80df0e626f60ee496931846e4d3059172631b18fa8
=== 5 contenedores creados ===
=== Creando 5 contenedores aleatorios ===
Contenedor 1: ejecutando opcion 3 de 3...
9df392f38f233b53a8d4f026ec772afd0731b4c77d94da79b422df2339eac2c4
Contenedor 2: ejecutando opcion 1 de 3...
6bb832b3bdf3ab00ebbadd69342e133677d5bdc5871ddbc7a7cc09e65215fccd
Contenedor 3: ejecutando opcion 2 de 3...
da977cb4878c22b0838bb0c97ea5d3f97ee67d570731c40e81fd1de69336b1fe
Contenedor 4: ejecutando opcion 2 de 3...
b907c8e77b770c82e0a005b30abb6a49179e336d9972c706f9c37c0a5a65d189
Contenedor 5: ejecutando opcion 2 de 3...
9298f4edc26fc9f99865c55d37c1a3fa7807285de79d356d834d46269dea1ee3
=== 5 contenedores creados ===
=== Creando 5 contenedores aleatorios ===
Contenedor 1: ejecutando opcion 3 de 3...
f4af87dfa4a7ce2737a4a810808e887107c19697cd84247c48f3eab1e76f1054
Contenedor 2: ejecutando opcion 3 de 3...
a8e8854c0d23b668be7397a149c93b00f1e47034b3e6bf128700cdb77b824806
Contenedor 3: ejecutando opcion 3 de 3...
196735f6586cedf6ce9cad5a2be934d884bba1c99a5de6434ed0ce5447d1bb57
Contenedor 4: ejecutando opcion 1 de 3...
9734d1e9766db184843edc568d5e78a4ea04a5bb0b4a42e5b340b7839754dd8a
Contenedor 5: ejecutando opcion 3 de 3...
90552e71b25f3398f30a4fff0ec7c9dba9bfd514d94af07a1bd7e3ec7c4f2cf9
=== 5 contenedores creados ===
=== Creando 5 contenedores aleatorios ===
Contenedor 1: ejecutando opcion 3 de 3...
2d0d4e4e15fa3c374948580d0b077c67f0105624414d50f715f27af22a84ddce
Contenedor 2: ejecutando opcion 1 de 3...
ed54f48b2890ca14048205904793125359fef785ac9936c85badf7a95b306688
Contenedor 3: ejecutando opcion 2 de 3...
b2c3c8dcdcce6ac9c767b1578f3e06725d08a01171180fefdd9abba3869dd868
Contenedor 4: ejecutando opcion 2 de 3...
b9df7add75e6e31c98c3b6591c849120840247df09207318aaa59e2090776d7d
Contenedor 5: ejecutando opcion 3 de 3...
a09e88c19d6b9fe57cefc093257a7f65fa0d07c649f0cd4cb7c72f8e907cbbdb
=== 5 contenedores creados ===
=== Creando 5 contenedores aleatorios ===
Contenedor 1: ejecutando opcion 3 de 3...
399c69cde4f4ef5cf81946cee3f05ba4835d0fdde24570364ed00e42e388b83f
Contenedor 2: ejecutando opcion 2 de 3...
bda75333f923df395c3a7722652148dcafd54be6fc609c3ba077b4b3d5b535b2
Contenedor 3: ejecutando opcion 2 de 3...
f65fe4719e593cdb0ec1d1177af1fc8ca8beb76a4386af8602332522b572dae4
Contenedor 4: ejecutando opcion 3 de 3...
260569327cdfdddb2e8338ab84dda8c7fd9a58b5bdebea52593312af69a7d349
Contenedor 5: ejecutando opcion 2 de 3...
ef6ac1bf1be8a5572417bd99c02b77604537a50d913095b004668f4bf86778a9
=== 5 contenedores creados ===
=== Creando 5 contenedores aleatorios ===
Contenedor 1: ejecutando opcion 3 de 3...
32bd771b8e9e8b5d174a36f95a027442ae7d3a0b650f79ad3b0ff853dab83d5d
Contenedor 2: ejecutando opcion 1 de 3...
1980b241749604cef61602f199ac8c1af63ced445154baa36095c0f843189a0f
Contenedor 3: ejecutando opcion 1 de 3...
db24067ef8cb67a750e8b49d163882b09b1daca7c794a8bec0e9296d7c83cfc9
Contenedor 4: ejecutando opcion 2 de 3...
b0d8724ecff5ff5c94d3025171ee4a99e7ad9797e0942eac98cb4d64128744fd
Contenedor 5: ejecutando opcion 2 de 3...
6d5159cb35c56393b40c9427af90af34077c1c9fec8bba2a46ff5f4833cec93a
=== 5 contenedores creados ===
=== Creando 5 contenedores aleatorios ===
Contenedor 1: ejecutando opcion 3 de 3...
965fa0a6dc26cf3804b47965c1a17bd4150674aad4c4f5ca415d63cda2ccd5ab
Contenedor 2: ejecutando opcion 3 de 3...
6a62127c3e0fb73cee73bd809c2515b22b801e5f5d52ee11e5c305ab4a04e5a3
Contenedor 3: ejecutando opcion 3 de 3...
94c8741d1aed729a9034a67a7d97cb49b33e315e8cb9d45a73e87ee27cfc93b5
Contenedor 4: ejecutando opcion 1 de 3...
b36e1071b642a0d7f607cd4f1d8c8c55a89e07a54efba4137c98579f74797f8b
Contenedor 5: ejecutando opcion 2 de 3...
3a85c945cbf261c9e1f1c64586041c2b789e904398312ac18d97533493540fe7
=== 5 contenedores creados ===
=== Creando 5 contenedores aleatorios ===
Contenedor 1: ejecutando opcion 2 de 3...
89e9c67d928b775d80d732316a3c6dae1b2ed40cf1ea8a61efd0a3ae11d95481
Contenedor 2: ejecutando opcion 3 de 3...
da2317e71df711f416103d053067e278144febe1bcaa6fcd9f3755c3a5609931
Contenedor 3: ejecutando opcion 2 de 3...
fd8215e52c2845a559d5d9621b81c0ad25128922d51e26a642b4dab1f2cb8a32
Contenedor 4: ejecutando opcion 2 de 3...
de0277b032f8f10d3f7f4af3c3ddbf3b6034c9e3365f7b7afd3f6e2c7df3d531
Contenedor 5: ejecutando opcion 1 de 3...
0fc0242e53339c30954f3887091296f5694d7ce32e9848df06e52299296d69af
=== 5 contenedores creados ===
=== Creando 5 contenedores aleatorios ===
Contenedor 1: ejecutando opcion 1 de 3...
bcbd37f74b376f7ae1d27d2f27442520d9d9d744525f1b2a002d19050de789c7
Contenedor 2: ejecutando opcion 2 de 3...
98e86b891d91eb37dea9cc579c50c8e9877f8348d0b7edcbde1ee3d865e6148f
Contenedor 3: ejecutando opcion 3 de 3...
1261c9eec6417348c2065cd0fc2b31fe4f60574070be2caee8c843bf8c1c044b
Contenedor 4: ejecutando opcion 1 de 3...
27be612d8534a4b296aced73cf4322d8b941dbbc0550e77b4e7890820d620533
Contenedor 5: ejecutando opcion 2 de 3...
2cd2c5442ebd2af134270bec40cd281ae5127e233594af7226484ea40cdf331b
=== 5 contenedores creados ===
=== Creando 5 contenedores aleatorios ===
Contenedor 1: ejecutando opcion 1 de 3...
31044821451b1ec0e02cf869dcb63895f0ba3c8b9818410e4168c6eeca7883a1
Contenedor 2: ejecutando opcion 1 de 3...
96a6a50d134d82204d622a8ec5313f9f49982cec542ed852f6de7fce8bd4e9c7
Contenedor 3: ejecutando opcion 3 de 3...
e49e41b47154beeb55b2927a2520deb455b0d53b76f7cab7758de73ac2099b12
Contenedor 4: ejecutando opcion 2 de 3...
63dc26c016f0ef2c516194c094f26deeb1a3a8af7c13db3ef1ecb319d655cc8b
Contenedor 5: ejecutando opcion 1 de 3...
ae8cafc401d672d7f9f97905df36c5d2d06c56ae3c3fe53ad7f98af72e320468
=== 5 contenedores creados ===
=== Creando 5 contenedores aleatorios ===
Contenedor 1: ejecutando opcion 3 de 3...
e1f38015a028122668be4a4609aac89c6e3922c590f6021d96923ef78bb02c21
Contenedor 2: ejecutando opcion 3 de 3...
5b524007e41bcf9b96a255a956246c1ab5aa72c71237e4f5601b196457fe9e38
Contenedor 3: ejecutando opcion 1 de 3...
87ea422b05c4982ea28ce6d171bebdfb53baeac7a3608c80368d967a6081e96b
Contenedor 4: ejecutando opcion 3 de 3...
0aa606c25bc736f3ddc94a71a7e00765c2ca376d3d7fbfc0561840ac8e1fbdde
Contenedor 5: ejecutando opcion 2 de 3...
936339df941f038844c3d69039b4de8a5db2205cae75f0e5a9fad22681d7d8fd
=== 5 contenedores creados ===
=== Creando 5 contenedores aleatorios ===
Contenedor 1: ejecutando opcion 3 de 3...
5c0405d4d22df9ccc97630edee70252a6fc20e52b5f455ffbcca21933b963030
Contenedor 2: ejecutando opcion 3 de 3...
c0660c200a9bb03ba55d5f703f9d1b88ad0bf21284c60bb35b8e77a3087d891b
Contenedor 3: ejecutando opcion 3 de 3...
90871937185abe6c4bfe6d55059bb59b76260b10040e1c2911c667ec13bac3d5
Contenedor 4: ejecutando opcion 3 de 3...
d144b09d2fc0451cfed708749ad2709ad914426607c3579f54f19c225e899871
Contenedor 5: ejecutando opcion 3 de 3...
8bb4fba33046759ecda6ba9b85d35a8155d447571fd576086090f680e4e4e388
=== 5 contenedores creados ===
=== Creando 5 contenedores aleatorios ===
Contenedor 1: ejecutando opcion 1 de 3...
ea63cef12673dc0e270b5045d03239dc2007ab7d37fa33d83c04738d25501fe2
Contenedor 2: ejecutando opcion 3 de 3...
2d73f0bcff1b3a8637b6151aef9ba51f3fc87a6f6b05933ff5400da67c8f1a20
Contenedor 3: ejecutando opcion 1 de 3...
938ee59e373f8764190ad99499c77ffec7976c35485190901f15c4771dcdec33
Contenedor 4: ejecutando opcion 1 de 3...
d0e5ea6c70415a46bcc2eb700c4829d04298e5c5b6e4142a174dd110abe284cf
Contenedor 5: ejecutando opcion 3 de 3...
5b973a7f8d87af8d7a0fe94b658741a2e4d737579f9055e4ddc563a840134ce2
=== 5 contenedores creados ===
=== Creando 5 contenedores aleatorios ===
Contenedor 1: ejecutando opcion 1 de 3...
c2e03c4f0984b6f51ad5eaa34ade70c2a3c9489a29bbdabfd407ee5b9ee5e32c
Contenedor 2: ejecutando opcion 2 de 3...
aba3e399002c57e8d64a19cc9cdc868f51704a824826b56ee42d6cc931f9cabb
Contenedor 3: ejecutando opcion 2 de 3...
6c2096a9b31816107396a7568613afe2e770d09450eab2eb00c146bf2b83c99a
Contenedor 4: ejecutando opcion 3 de 3...
551f5034d49584a18cb5c568cc9a129ee394c49c7868ac8986aa868957219d2a
Contenedor 5: ejecutando opcion 2 de 3...
8807fbfae36c570a5f7e3bec97e3589277fcc223f60c7f27890a541e7b8cbef7
=== 5 contenedores creados ===
=== Creando 5 contenedores aleatorios ===
Contenedor 1: ejecutando opcion 3 de 3...
b42ce3f4d918703909bb68b12be0410ca4cb35c785485a4794634275751fea6d
Contenedor 2: ejecutando opcion 3 de 3...
0bdbd6d59765b38f144a1b0cfca5a4a97ab91f3f0b7d1692afb0076ef2a88e6c
Contenedor 3: ejecutando opcion 2 de 3...
1cf30cb85a0a6669bf5560c02351986d06b15742a55240ea7d6737cfb7291954
Contenedor 4: ejecutando opcion 1 de 3...
b8ea8aa21e95354bf7c51c9f800bfd2104ef436c77bc4314cd2b7ef1747afe69
Contenedor 5: ejecutando opcion 1 de 3...
b1c47de5dc809068ed9fe8ff74b5980cc0f0295ce76806c4d208abb049347be6
=== 5 contenedores creados ===
=== Creando 5 contenedores aleatorios ===
Contenedor 1: ejecutando opcion 1 de 3...
5306b2ca55bbbf4c705f1d42f966764b3a79983b192f88520932339eeacf91ac
Contenedor 2: ejecutando opcion 1 de 3...
f05fe9869582b7afb0aa9368de01e4f0fb5f102ab3e834db32e47f59289d4e0a
Contenedor 3: ejecutando opcion 2 de 3...
0e16ef20069fa0723cf001ed9a528a9d670e30dab11b544b96eadd7df53c4d15
Contenedor 4: ejecutando opcion 1 de 3...
0dee0c43397d8a0e0947802ebb644e562413df2c9c6382b53fc1800a025ddaf9
Contenedor 5: ejecutando opcion 1 de 3...
b57c7d9ff9e4d1cc7e6bae5b2354b625517b6bc89babb6d85aba9a9e8fa2f428
=== 5 contenedores creados ===
=== Creando 5 contenedores aleatorios ===
Contenedor 1: ejecutando opcion 3 de 3...
f92d5af092480f925f52b2d9e284ae171052c9b9f68d0ce9084159aea5605f09
Contenedor 2: ejecutando opcion 2 de 3...
2b198bd8f964e4020f7c9d3525bc3f69db74f9bf8e01d30ecb756cae93e9cfa0
Contenedor 3: ejecutando opcion 2 de 3...
5c2ba4feb805ee98479cc54d154d0de388cdc1745427f39d0ba7469db409ebc8
Contenedor 4: ejecutando opcion 3 de 3...
93cf4a1d8bb07177f5ff114424cd1ce77a081c00cd5a32253dc3aee94d5b00e1
Contenedor 5: ejecutando opcion 3 de 3...
5f5533d119698d98218c12111b71513b01f57af3cfa2e4cc053059a09c44c06e
=== 5 contenedores creados ===
=== Creando 5 contenedores aleatorios ===
Contenedor 1: ejecutando opcion 2 de 3...
15706ac82c1117fa7ec85f344316680fe4ba3d8fe36f5bf981afd583fda68fb2
Contenedor 2: ejecutando opcion 3 de 3...
2e28505e20d04a3a4f9dc2473e25da73890e13c3af22bfd99087e6b08dc5bca4
Contenedor 3: ejecutando opcion 2 de 3...
62dd1d99bcb7e523364dcd1de5e8a4237f55d78a6145e9b4cce8640e852549ec
Contenedor 4: ejecutando opcion 1 de 3...
058bc40063ade5fd04f491b277350095e075edba9d3b7849328cdc8115010b73
Contenedor 5: ejecutando opcion 1 de 3...
e804a2c20e1e5f4ed7f8f14ca8b4298ef4918b6b3e55efd6057b7e2b63c23f80
=== 5 contenedores creados ===
=== Creando 5 contenedores aleatorios ===
Contenedor 1: ejecutando opcion 2 de 3...
1ca5d40ee4d203f9e5325d0edae29aff771e0c413c42a49041ba111b48e5c73c
Contenedor 2: ejecutando opcion 1 de 3...
cbb640c5c42839b45606a24d6d5ae82ac0d5bcb14180c20f5abbb1bb3032f24f
Contenedor 3: ejecutando opcion 3 de 3...
1adb8d6506ef95c5e4619a4d3dc2799f179b0e2510759ebdd4a7f0d1ebbb5fd4
Contenedor 4: ejecutando opcion 1 de 3...
3aeb16cca9ab93a7be4feac2310beeaaa62d8430bc371545d8957be9f396512c
Contenedor 5: ejecutando opcion 2 de 3...
27721470f1296540672642c5a2ed123d200c20580731da4c7ff01a4e53b37a39
=== 5 contenedores creados ===
=== Creando 5 contenedores aleatorios ===
Contenedor 1: ejecutando opcion 3 de 3...
63e1b6f449af8082d06c425dfa4d6b53e530b846b3edeba74052d859b43fa837
Contenedor 2: ejecutando opcion 3 de 3...
53d2a259a1c1846d19e8fd21275e5a5dc0eb9bc5468151c27a11b76d6e11376e
Contenedor 3: ejecutando opcion 1 de 3...
7c61451371baf7419cdf5e39ca34ff60cf87f0b658ca42d61551ef1db57d61c8
Contenedor 4: ejecutando opcion 3 de 3...
4e9b624b312c8fdf3f69d2e87132dba1a7c480bba27af20dafa18b6f90b0fdd4
Contenedor 5: ejecutando opcion 3 de 3...
940b9c0552cecfa7774b8d7262d31338dcc9b23c29e0d07520c944128a8146fa
=== 5 contenedores creados ===
=== Creando 5 contenedores aleatorios ===
Contenedor 1: ejecutando opcion 1 de 3...
e41e9b02f9eb53b0fd4f0dd0a73411b2f1a31ce360e1c602722c6af682d4033b
Contenedor 2: ejecutando opcion 3 de 3...
991854192c670ead51302d940a3c67a2aa89c948d259cbd0304ff07e3b901fa7
Contenedor 3: ejecutando opcion 3 de 3...
3388646ccaa1666e9838d1a8e6cf4e4b2c9810f0b90952caf2d71f4095ce1f2e
Contenedor 4: ejecutando opcion 2 de 3...
f106225ad5ef1ae1dfe0686218a567df2d072397eaaf3b68c1c1df7a69706bcf
Contenedor 5: ejecutando opcion 2 de 3...
f48a3a7d6e0bcef586d87782a82716aa6b1440bf1e4198afbbe2961fb20354b4
=== 5 contenedores creados ===
=== Creando 5 contenedores aleatorios ===
Contenedor 1: ejecutando opcion 3 de 3...
e52bda447fc6b76d47be3c457fb51c80bfd09d6ce81e077f5a04362380b991b4
Contenedor 2: ejecutando opcion 1 de 3...
d0965af49e870128ed7ad63424347e4e1d95bccec84e52d4993461eb862e882e
Contenedor 3: ejecutando opcion 1 de 3...
71be023c766299990a5224d7e3fa7d29b27deb0e9212b16da608d7c1cce308f4
Contenedor 4: ejecutando opcion 2 de 3...
c507aaa0764b4b3e017b1a63181ac49319e7a410af42d363253d7d531eee0ca6
Contenedor 5: ejecutando opcion 1 de 3...
f67880d16162fe113abd1daadca613b0120f311fbeb9edf21219238cbbb0ce3f
=== 5 contenedores creados ===
=== Creando 5 contenedores aleatorios ===
Contenedor 1: ejecutando opcion 1 de 3...
4a31a9672efe11faba85ac43513c082abf4db475ad006aebbfed3e2035997114
Contenedor 2: ejecutando opcion 2 de 3...
da63bffdba28ef626795ae0c49eb863923b5c50ff42241a676984dde5b2143e2
Contenedor 3: ejecutando opcion 3 de 3...
949c3b4ce023083def12459d20623e34fab8aa67c9ad6e5d8eb9750c876072af
Contenedor 4: ejecutando opcion 3 de 3...
a0805f629d8afdf408698a9d8b607ce1a1d44b27dca162be80051ebd52d1a1fd
Contenedor 5: ejecutando opcion 2 de 3...
fa02dd7f886101afbd50847ec465c4578285d7cd2f0332f2985eea573edf6e65
=== 5 contenedores creados ===
=== Creando 5 contenedores aleatorios ===
Contenedor 1: ejecutando opcion 1 de 3...
333052c89aae5ffc9d6e9ef5b4b4e485b7f1befe1605ff1749c3f137c4b671d3
Contenedor 2: ejecutando opcion 3 de 3...
ee59a197957511fb6ff1e9523af8485d361149c1ed0d85859d9951bd8f74d628
Contenedor 3: ejecutando opcion 1 de 3...
94386aebcc0639c1291b88badfc6dde8b523ef6c9e5dddfbda559551abe358e1
Contenedor 4: ejecutando opcion 1 de 3...
1fa69b5d374102d334ff35b812c8c11633762351586df40f0afa85419ed39ada
Contenedor 5: ejecutando opcion 3 de 3...
85d41f545f721eab56dcccba0578f2da26f77b36821b95fbe4992007ed7b0906
=== 5 contenedores creados ===
=== Creando 5 contenedores aleatorios ===
Contenedor 1: ejecutando opcion 2 de 3...
87fc1000edaff7ce8a834c7298f211010eb24af09cd1783561258450ff356475
Contenedor 2: ejecutando opcion 1 de 3...
9b34ed4e89f22bc9fc1afc7844bd0d18e7611594b28dc9d66c5584079cfd26ea
Contenedor 3: ejecutando opcion 2 de 3...
43c8faf450c5acab6f604d4cdce567378b9339099d83c1253d4a14d97d9652ee
Contenedor 4: ejecutando opcion 3 de 3...
01b1d4e9db6a69b82cd1826c72783df9bee3e11e7b8bf379d7f58d9a69049627
Contenedor 5: ejecutando opcion 1 de 3...
62eff229c5fdac131abd9948c9f45a226b0dff92fbe701bab924e1689c800948
=== 5 contenedores creados ===
=== Creando 5 contenedores aleatorios ===
Contenedor 1: ejecutando opcion 1 de 3...
78f7414e5ed0cf93298bc815cf25d80873924a4792bd3f02e21145df3f928af5
Contenedor 2: ejecutando opcion 2 de 3...
59402920a46f709602ead5a593274af29c86553c28b40066eca78baba2f61c5a
Contenedor 3: ejecutando opcion 3 de 3...
37e6a2ce3135d5429dede90760dc927a2278e8c86779ea927a779a8ba29b20f0
Contenedor 4: ejecutando opcion 3 de 3...
bfd874ef36e92a920f4d6bb627153b1814ec1b3e618bd102d8ad0bd70c83a44d
Contenedor 5: ejecutando opcion 3 de 3...
8c1dc7f64efe9616ad9ca692dce3d4df71a1cb99807f90b9ff2525bf88e2ec0c
=== 5 contenedores creados ===
=== Creando 5 contenedores aleatorios ===
Contenedor 1: ejecutando opcion 1 de 3...
d0bdb57d12db3c3926d9edf03007499acc951522f3366c7b96eea39e04bd86f1
Contenedor 2: ejecutando opcion 3 de 3...
b9cbcc128e2985530497e4390d1f769669e591045cbfcd7cbb2d6274d3dfe00a
Contenedor 3: ejecutando opcion 1 de 3...
a5cb88032498523aad779a7ed9ecaad00f405ca35a166a15717c4a21315d9df2
Contenedor 4: ejecutando opcion 3 de 3...
a3feec0f7a88a88bd91c0bd439556deb9d6fede5552667a9fe326c4df2e279ed
Contenedor 5: ejecutando opcion 2 de 3...
95ac2e048f07eeb4d08cacb1785ff9aeb76273b9909825c8f6aab30641148bb0
=== 5 contenedores creados ===
=== Creando 5 contenedores aleatorios ===
Contenedor 1: ejecutando opcion 3 de 3...
5d8333333031e2b6da5fc0b29111666b48085c539f9330be2ce0fba88ab85c64
Contenedor 2: ejecutando opcion 2 de 3...
16867e771f4c4decc124806a83f8afc1346d68e31bfcca63b535ee4355afd4e1
Contenedor 3: ejecutando opcion 2 de 3...
366f97a61866b53bcda47d97dfe0caaf5edc350f5d79a8a91d5c5b1f068dcd06
Contenedor 4: ejecutando opcion 2 de 3...
f97edaed9975aef9e90ef73f1571dfbf8b7a48011337e9c6adf0431f142e2fed
Contenedor 5: ejecutando opcion 3 de 3...
5f64facdfc1eddf6a4db65bf1baaad98d19b775d3fc318b30f304fda21474f4a
=== 5 contenedores creados ===
=== Creando 5 contenedores aleatorios ===
Contenedor 1: ejecutando opcion 1 de 3...
eb47e3210a1c91d23f557ca0790ae05dc89a594e0c0db9e8b887ea992ea32ab0
Contenedor 2: ejecutando opcion 2 de 3...
e5002addb9fef2a4f3545b731b003c78be663872d0999275091a0773fe76735e
Contenedor 3: ejecutando opcion 1 de 3...
b445595b436c5c31fc8b10abaefda8af2c64ce0cc8273265f39ab484dc69c925
Contenedor 4: ejecutando opcion 3 de 3...
78048a552c221eb384a65e1dd8ca9576b0f1640fb9bee12e701af4828ffd6e5d
Contenedor 5: ejecutando opcion 2 de 3...
c4a853e6bb098a3304c98bb37aca4d45a1e8b279825c0c0edea57d3c594da08b
=== 5 contenedores creados ===
=== Creando 5 contenedores aleatorios ===
Contenedor 1: ejecutando opcion 1 de 3...
94650f225f8dfe600e7585b77ef0a2aa7ebd11bcec4eb833cd0f0240ad2f695b
Contenedor 2: ejecutando opcion 3 de 3...
e1ee3bbbd51e312baed6a5a01c09f72bc8392707a3c2b92e826a7982e16871e6
Contenedor 3: ejecutando opcion 3 de 3...
2739c8c313148b057a21c8b8536831689d0b4b30433e34312553eb1e44e4aa4e
Contenedor 4: ejecutando opcion 1 de 3...
e4406688af0229c5732aebfae5cc4a35dca5de937141105d30279d22f29efef0
Contenedor 5: ejecutando opcion 1 de 3...
d8f72727079112726d07bdd77182bf5a95cec4b32d4fe4348a91b9c5d63ca001
=== 5 contenedores creados ===
=== Creando 5 contenedores aleatorios ===
Contenedor 1: ejecutando opcion 1 de 3...
f3db02443cc2eb7388c23f7dcf09d64a5eaa9c166e7acf947bcb8aeef6d0dc90
Contenedor 2: ejecutando opcion 1 de 3...
f3596d021e0918a2d1a2fb3d7d63652e814783c35f0a8b3ef0457307976a9994
Contenedor 3: ejecutando opcion 1 de 3...
2424c8d13ba3c9ba038d5aa592317a124cdfb70049d35cb9a700d63c8ec9eb3b
Contenedor 4: ejecutando opcion 1 de 3...
d9d09f60838afe9fcaefe1792c7a89eb32514cc6e21f4e7ad53d72e80850a718
Contenedor 5: ejecutando opcion 3 de 3...
d02d26e41e0a89958db8e25abcfd60215a20843bed47cb68c93e56f33922706a
=== 5 contenedores creados ===
=== Creando 5 contenedores aleatorios ===
Contenedor 1: ejecutando opcion 1 de 3...
117ee4c35f1a73fc603a9ab9def7e9dc882c3d19dda06acc300c39e2e529795b
Contenedor 2: ejecutando opcion 3 de 3...
212d6a0912b4599a0592d230ea9faf084d02b21ba16be698dd9b40f75c4d3fdc
Contenedor 3: ejecutando opcion 2 de 3...
784d0e7b2cba3d5a2d722fe2bc6377e1e6ffe7e61109d257ed7722b0484a2bf6
Contenedor 4: ejecutando opcion 1 de 3...
d6c2f92e697408e32f99fe5297d00653d6e1e25f182c12399fd4a81ca60257e2
Contenedor 5: ejecutando opcion 3 de 3...
e298be2196dec718412dba17423a8e05b00c048203f16597be9b6bf0b6dede40
=== 5 contenedores creados ===
=== Creando 5 contenedores aleatorios ===
Contenedor 1: ejecutando opcion 1 de 3...
e7e352b3b70d487f0ad9551f46186a91ad2a6ce452830a4a0e6341848c9c7ef2
Contenedor 2: ejecutando opcion 3 de 3...
5bd940eb28380987d504a667782f81b4c233329f8470c3b9135625d055f9952a
Contenedor 3: ejecutando opcion 2 de 3...
a6dc620cecd1c7b7e35e495500369d72cd3e13ddc3befa7373c2e78d61fd13a8
Contenedor 4: ejecutando opcion 2 de 3...
3cfc0f7f4b0710994dffa32e8e7b3c429c4115a964351fbfbff6ed75bf0adfe5
Contenedor 5: ejecutando opcion 2 de 3...
0e3693c02defbd24032797752eea17faa78755d2fa0af7ee990c9479f480b954
=== 5 contenedores creados ===
=== Creando 5 contenedores aleatorios ===
Contenedor 1: ejecutando opcion 1 de 3...
7b4819d52490ecccdadc369c520d0bae19040775dfd9e4d03b77b30879530ee1
Contenedor 2: ejecutando opcion 1 de 3...
37da88421ab177e727933279525e50354d6d08bb5e8ccb40d4b2fc1dfd075626
Contenedor 3: ejecutando opcion 2 de 3...
92c7684b23fe5c42df904d4e9b9b4883779d469900214e2990cf16a9da21c31d
Contenedor 4: ejecutando opcion 1 de 3...
2cc996e2fb9e58e13b2993910e76c93c5caff7e5b50f889fa22a71cbe3d10dff
Contenedor 5: ejecutando opcion 1 de 3...
a8718754f54170c45f7b2a0f74059cbdc14683575989801805e9ca1851b60278
=== 5 contenedores creados ===
=== Creando 5 contenedores aleatorios ===
Contenedor 1: ejecutando opcion 2 de 3...
921ed7e04c39a3f1cc7a96e8932e5770731e08c78dbec1c41e7602ee898c7a98
Contenedor 2: ejecutando opcion 2 de 3...
edde82301f3a656f09bee9aba1d4ca92f0459d58906e051e571067d0f6dd99dd
Contenedor 3: ejecutando opcion 1 de 3...
b4366b0b3e64f4e7d6ba3c407460bc582af6146a12d4cfafa6ea1465b351e369
Contenedor 4: ejecutando opcion 3 de 3...
3c397491875b695c9f2d06809879b23abace92cd01f2824c6fa3f64cee600b91
Contenedor 5: ejecutando opcion 2 de 3...
dee96d53ff208fc18e786edaf581281367075846a33006b4b94f043e02aca4d2
=== 5 contenedores creados ===
=== Creando 5 contenedores aleatorios ===
Contenedor 1: ejecutando opcion 1 de 3...
425ccedc3177863c8453ec10ebba983c6daa98f0a8b37aea288ac41240d2f500
Contenedor 2: ejecutando opcion 1 de 3...
c03392f556e1b8b64c338c5f1517650e572febfc710d72e8abb6c9784fa36be3
Contenedor 3: ejecutando opcion 3 de 3...
55e6876252f5b724d80a559420db86dec1b11d191912401a05d216583dc1f454
Contenedor 4: ejecutando opcion 3 de 3...
cc620205979a4326dcc07cef2eb4c5d6bbcae9e35f184d366e9cc3fa411036f8
Contenedor 5: ejecutando opcion 3 de 3...
7a774a419be6cd78e802849745632a63c12a7cd24fbc0646b9d1b13c5afe3ffb
=== 5 contenedores creados ===
=== Creando 5 contenedores aleatorios ===
Contenedor 1: ejecutando opcion 3 de 3...
f0319509dc5ae489dbf426d397a7743d2b0074379b28528e45b89c209ae186af
Contenedor 2: ejecutando opcion 3 de 3...
b9f8fdd1ee275271496efe1a404e5d6119b526d81714e1c7ae4b95c768a0638b
Contenedor 3: ejecutando opcion 3 de 3...
fa05d39a3efd8bc519e5e0c62994da15635ebd86a5fb7de7266ab83cf157e4c4
Contenedor 4: ejecutando opcion 3 de 3...
2691b5b5e6e7d9cee17ed10efbbca91861454e141d6f83cd3bb9542df70a8178
Contenedor 5: ejecutando opcion 2 de 3...
f28ebf38810e8d13039870dd81e03c0e418fc33fcb31392770ad73d426dfcc31
=== 5 contenedores creados ===
=== Creando 5 contenedores aleatorios ===
Contenedor 1: ejecutando opcion 2 de 3...
a591bc875907f3cdee2e9dc5d5a752fe80d9223e20820a08cfc1599e2d62a2ab
Contenedor 2: ejecutando opcion 1 de 3...
ba1058489724f1c2f0ab94230e01a050e2888dfc6f74704de77249c1cabd9b0e
Contenedor 3: ejecutando opcion 3 de 3...
82c404a08ce7b2b12a4d68038aef18bdfa8408ba501d07a9e394ae074a732a01
Contenedor 4: ejecutando opcion 2 de 3...
fb3dfafef4682e6173fba422607bfe118e7716f6a3e10447afc746720caffdb0
Contenedor 5: ejecutando opcion 2 de 3...
c5a1f978d661d95883d1318d1c082647f547de8808625982884ab572cf6d8c3a
=== 5 contenedores creados ===
=== Creando 5 contenedores aleatorios ===
Contenedor 1: ejecutando opcion 2 de 3...
4747a4138e44252986a51086a465136b8b7215d11a2ecc6647d34e0c10fcebf3
Contenedor 2: ejecutando opcion 2 de 3...
1d8310f5cfbbdf19bf7deb70b007f5546263935e82c97663c556a23ad17e100a
Contenedor 3: ejecutando opcion 1 de 3...
ece27d78b292339df6c9524774495841cb87b250ed0103e2207a8026050667a4
Contenedor 4: ejecutando opcion 2 de 3...
fbabcf87f3eef70260d5cac2f1dfad8bb93285df854b9c8e0a5f8ef8b6bc641d
Contenedor 5: ejecutando opcion 2 de 3...
29cf7ac93613735543477a33d415c6e7c9640e4ef14b2cd9ae53b612dad46069
=== 5 contenedores creados ===
=== Creando 5 contenedores aleatorios ===
Contenedor 1: ejecutando opcion 1 de 3...
3221dcc631d7cf39ea15364a2518d3ba699d294e6058b57879f23fce679dea2e
Contenedor 2: ejecutando opcion 2 de 3...
18f4beb3242142825c0eaca2caecfecfb9be573f7a7b6c76617fdfefd066f3e8
Contenedor 3: ejecutando opcion 3 de 3...
9ec6c1d00de6c8bfaa6b20dbaaa417e0428fe981ce0aea8326b530d1ed4bef48
Contenedor 4: ejecutando opcion 2 de 3...
2d925d1f2bcf3a31620f1ea34265df1f59c923b697026fa6422bee2001870819
Contenedor 5: ejecutando opcion 1 de 3...
b2e8a9d56e9b12d0b6bfd0665bc5c1535e6ed83f1bf1d3f17a2394da786dbbf3
=== 5 contenedores creados ===
=== Creando 5 contenedores aleatorios ===
Contenedor 1: ejecutando opcion 1 de 3...
a4c5fdcc20015d4f1905504aca45f6c9fac147166244c6dd52456a14253e9dc1
Contenedor 2: ejecutando opcion 2 de 3...
fcff795a7827f232ac2d9692c47e917ea4ce5bb2e28f3d506573eab9f5afc97a
Contenedor 3: ejecutando opcion 1 de 3...
ff18ffb0e761ad758017856c8650fc1f83fc615f08ee5c361daef9ba98305443
Contenedor 4: ejecutando opcion 1 de 3...
59f170b6bb891a658d94adfce038b7cb8a727b717ba559111814948ffd0168f3
Contenedor 5: ejecutando opcion 1 de 3...
fb3f12ce5da4dfb852bd8a3a013e923c376280a16dbd276c842d70f57276350c
=== 5 contenedores creados ===
=== Creando 5 contenedores aleatorios ===
Contenedor 1: ejecutando opcion 3 de 3...
1fb14b9178960457a313c08ba1f3c4fbf72b55bdda2d19bc02a77d01bc132806
Contenedor 2: ejecutando opcion 3 de 3...
21859733a7f37c86e0aabe9838e336b107e4e605b18ce12943fdbcb545222c2a
Contenedor 3: ejecutando opcion 1 de 3...
21f1811a4da586585922f1e7cbba300f59f6caa369fe746675504b26fe0a50a6
Contenedor 4: ejecutando opcion 3 de 3...
2c82c3d713760e2ebe5982e5a5bfa3da5c16947cdb432da0bd24f1580ad5e3b1
Contenedor 5: ejecutando opcion 1 de 3...
12145c1b0633c19e4bfe4cebf0db0dbecfd978595c6e25a444a227f2467e608e
=== 5 contenedores creados ===
=== Creando 5 contenedores aleatorios ===
Contenedor 1: ejecutando opcion 1 de 3...
b519c8747e5f9c2e4fb5f3bed982bf59f137579c468d5ff3ca459963c0929a28
Contenedor 2: ejecutando opcion 2 de 3...
054b92fe92aea80a8224c9d9d8f65222c31ca066d36fba489233c585ee30e8b9
Contenedor 3: ejecutando opcion 2 de 3...
a1edce59efa9711a744dede7b4f5fa19be616098d7591e8cfb578efa87752365
Contenedor 4: ejecutando opcion 1 de 3...
4fcc03dffeaead02d03fce0ed33268bd70c1d979d74e4c8ffad5f59815723471
Contenedor 5: ejecutando opcion 1 de 3...
8bfe1fab155d0febee674359dd645b33cc74028ed626ca279da7996628c97f2d
=== 5 contenedores creados ===
=== Creando 5 contenedores aleatorios ===
Contenedor 1: ejecutando opcion 3 de 3...
2cc66b18826e75bc32a85f97d9df5a756e2f7c4ba551fb0657ce990760c0c201
Contenedor 2: ejecutando opcion 2 de 3...
26fb35dcae3318d2ec8724b4f29d2d7f9da59ee86ca90925e4561aec2e3d2fdd
Contenedor 3: ejecutando opcion 1 de 3...
41d0db4c01a756591ec3f05f7d258d4d9a567b7c8867458a9d115b1d25e405fe
Contenedor 4: ejecutando opcion 2 de 3...
bd4681a2170da89ae432aeab825f423958a1f3f84ef9fe797de823c94fa21802
Contenedor 5: ejecutando opcion 2 de 3...
97507d58a33360a5552a0ea7f6edbfc58bb90a88c1391ca022ed733e3466776f
=== 5 contenedores creados ===
=== Creando 5 contenedores aleatorios ===
Contenedor 1: ejecutando opcion 1 de 3...
d674b53cf381ad61d0cce538d8d6a10aabb272cbcb318c266d3167262d2d4331
Contenedor 2: ejecutando opcion 2 de 3...
2b5dd652ce6479c5122a9b59e66505538686e3054bd9600e378828c66915d14b
Contenedor 3: ejecutando opcion 1 de 3...
91d93e283a4cd662cc1e2b64b2a7ce21a5afdf7ac6af84a41607e6fd67393b34
Contenedor 4: ejecutando opcion 2 de 3...
e71b78ec0db2038bb0eeb02703ae0e86299fcc7240685a7092b7d53b8758a643
Contenedor 5: ejecutando opcion 2 de 3...
15242344c9786c75c6b85626659a9c1bd68a0839fedcf461d38e997fb8867a8d
=== 5 contenedores creados ===
=== Creando 5 contenedores aleatorios ===
Contenedor 1: ejecutando opcion 2 de 3...
77d0a4e50441faea342127b71c42e1fdcdacebccb2c57cfcf0696721a4f0caf0
Contenedor 2: ejecutando opcion 1 de 3...
960a82e30d93f90871bedcb5cbb579bc7da97a456a34c6113248c85edd6c2795
Contenedor 3: ejecutando opcion 1 de 3...
9a05322a05c24b5779253ccdef62d7d7d3c483c7ee6be670d5325b025d135716
Contenedor 4: ejecutando opcion 2 de 3...
d51471ecbc6a374fb9416783d5d470037717e51556427ebc74ed0a18d941d9be
Contenedor 5: ejecutando opcion 2 de 3...
f9c3d65a6a8d0c09411a4f114211a75ad70648b827ab5f87daf7e82874b28856
=== 5 contenedores creados ===
=== Creando 5 contenedores aleatorios ===
Contenedor 1: ejecutando opcion 2 de 3...
23722bf01defc0439d8ec8fee061cb402b05277ea581fdb7a3ab21489e9440a4
Contenedor 2: ejecutando opcion 1 de 3...
1980316501d6a3ca6b8242aac1a222be50fe8e98e2e3947bcf4743334cb2e659
Contenedor 3: ejecutando opcion 3 de 3...
fa44670aaa920daad45d2bd48e81e9a44c3bf477087b0b8e56a2519dea30ffd8
Contenedor 4: ejecutando opcion 3 de 3...
e1f312924d706ff6933f6a40915698c173408de538846e90bc78f03e8f47d393
Contenedor 5: ejecutando opcion 1 de 3...
47ac2afd734f81faf896c5b7bf40c3c2f5d268b8856144770eebfd31c14adfd4
=== 5 contenedores creados ===
=== Creando 5 contenedores aleatorios ===
Contenedor 1: ejecutando opcion 2 de 3...
d64f55763c513cf26f044190a47037f186d9fe885c2351256ce925dc603b5931
Contenedor 2: ejecutando opcion 3 de 3...
0777058e7983204666e49d067131170e518677f4b3bd50ff4a7f54fad220eb57
Contenedor 3: ejecutando opcion 2 de 3...
d0bbb0abd4062a61212c97c17726cf51a2031aab290e8424bd15962512b818f1
Contenedor 4: ejecutando opcion 3 de 3...
d721a8d54e7f1a6fcef3e117130830e1c3982aef17962fc2f6388236e00ce88e
Contenedor 5: ejecutando opcion 2 de 3...
449d9c3c51b5cd0212380396378bd91aba41ceed59863d505d11981f17b548fe
=== 5 contenedores creados ===
=== Creando 5 contenedores aleatorios ===
Contenedor 1: ejecutando opcion 3 de 3...
35ed511c167e5ce5956780a14ae6f6717f073bb6bc192ad6e774064bf83a3f03
Contenedor 2: ejecutando opcion 2 de 3...
151228c74e121a44d8758cc3ad6cb2ba353ea06c561fd87c75288970dd6b45b3
Contenedor 3: ejecutando opcion 2 de 3...
14aafa134c05e0d93e84e6985ca66f0e10b8a381448127987ba0e488c4e2668c
Contenedor 4: ejecutando opcion 2 de 3...
d708751686f87ef6aef7296f3432fc95924e1b71b24137a77b1c380e24f3b643
Contenedor 5: ejecutando opcion 2 de 3...
=== Creando 5 contenedores aleatorios ===
Contenedor 1: ejecutando opcion 1 de 3...
b41de7dc85358981039aa9440259978999defbb473c0cd150e3afe8c0c43b440
8800955fda24b35de88e584a1c870b5c0481ab1724bc9fcf9418187c9def359e
Contenedor 2: ejecutando opcion 1 de 3...
=== 5 contenedores creados ===
ea014643ffa8bbed3c8ffbec99ee9198b0cec9c407dbb3c020bc6a12bf437e7d
Contenedor 3: ejecutando opcion 3 de 3...
dcbb39342c6fe51844e6cb5e23865ef770f5d9e2adf39c54a45e9526078fd960
Contenedor 4: ejecutando opcion 3 de 3...
=== Creando 5 contenedores aleatorios ===
Contenedor 1: ejecutando opcion 3 de 3...
71177677ecd30b805257342183532f99536c95838a27cb46918798f9e294bc97
5ec6422ca59745d7c8208418d81f3de487462cababe8421a03fabde3955571db
Contenedor 5: ejecutando opcion 3 de 3...
Contenedor 2: ejecutando opcion 2 de 3...
fb622b77746fc7eb11ca5c30ed71fa519e6b3c34ce52964203f47f7d43209a95
b394ec86663a97d0c7ef9f2b4e862276bba51296c63681bd0edeff7740989305
Contenedor 3: ejecutando opcion 3 de 3...
=== 5 contenedores creados ===
45632ea49d64642617b29388c2b240c1516c281f63790415bcee2a01df0006b6
Contenedor 4: ejecutando opcion 1 de 3...
97445e8db2dfe6db66a3c1cab5d41adbc4d441e81fad4647f886174dc687ddce
Contenedor 5: ejecutando opcion 1 de 3...
41be4c7e2aafa7d66339b0e9b8e6c1a52a03a0bbab45f388c6f4305c2a821fb1
=== 5 contenedores creados ===
=== Creando 5 contenedores aleatorios ===
Contenedor 1: ejecutando opcion 2 de 3...
e87f0ca208fd7f9f7244a1a5a43612e39fe08875d7e73b042a664ed16f5621c2
Contenedor 2: ejecutando opcion 3 de 3...
b073ef9b06b0aa6d796b1168400295c6768d5b51e7d8ee2dacaad43e1b9fa135
Contenedor 3: ejecutando opcion 2 de 3...
=== Creando 5 contenedores aleatorios ===
Contenedor 1: ejecutando opcion 1 de 3...
fcdd5795fb2d35e8c5d10682388bce5ebf6352e19e150807410b61cc8f54383c
014c8a21944c853c7cc647aff36d5e64918a98ee39528d074c89d95983805a93
Contenedor 2: ejecutando opcion 3 de 3...
Contenedor 4: ejecutando opcion 3 de 3...
a476b8862e089e0f1c123e3842a34e29e9d2a6b41633b2986b8f16a9734cafd4
63e3c32748f8854b6df41c0de1fa2076ff1bf1629d16b85349d8b95178243e5f
Contenedor 3: ejecutando opcion 2 de 3...
Contenedor 5: ejecutando opcion 1 de 3...
dfd3092f7800ec9f0f2d116482a6ce8e4ca784efd3a68b2a322063a01aa89ef9
7800f1d6d618d56377f6dd68fa06ce8e024f180210dc9cc963d9f3d5895dcffe
=== Creando 5 contenedores aleatorios ===
Contenedor 1: ejecutando opcion 3 de 3...
Contenedor 4: ejecutando opcion 3 de 3...
=== 5 contenedores creados ===
=== Creando 5 contenedores aleatorios ===
Contenedor 1: ejecutando opcion 2 de 3...
b8b250b5d751ef2bae4998b933d312dc592e206b108aca74da017ec631cb4555
823b1124a8263854b9ed717a740d5364b45f602a823713f6524848c694576ba1
2b2a3d68e6e6c558d944757e00f949acc5994e53f78011ab14e780182fa7feb6
Contenedor 2: ejecutando opcion 3 de 3...
Contenedor 2: ejecutando opcion 3 de 3...
Contenedor 5: ejecutando opcion 1 de 3...
=== Creando 5 contenedores aleatorios ===
Contenedor 1: ejecutando opcion 1 de 3...
=== Creando 5 contenedores aleatorios ===
Contenedor 1: ejecutando opcion 2 de 3...
9eea74bffa0fcb3cb43dadb87df7a62eafafa703d4ace4d649b8a12b84205551
d04cbb8ae1ba80edbf71229eef984730116eab7e3c83a262262fcb901d500910
8477ff80f10dcf5dfbd2fcba25d4992ee23eea2626c62b4a0c808445692d35e0
08680b858e1188850d27c53e7e113a9ed23bc2195f3b3e53bdef492e7c69e943
=== Creando 5 contenedores aleatorios ===
Contenedor 1: ejecutando opcion 2 de 3...
Contenedor 3: ejecutando opcion 2 de 3...
=== Creando 5 contenedores aleatorios ===
Contenedor 1: ejecutando opcion 2 de 3...
Contenedor 2: ejecutando opcion 1 de 3...
a8127113b25c1afa2a1dbcb292a4f8c5b7f0e5275b3ccc4ae30cac5bc55b5360
Contenedor 3: ejecutando opcion 1 de 3...
=== 5 contenedores creados ===
fe43f0d716426a675343421a78df0bac3c4816d193344dfe4ced7d43daf0d361
d02b2f06fd26cccd8937d50c63b654f74bb3a92cc4ae2564da3fc5818ac19d89
Contenedor 2: ejecutando opcion 1 de 3...
4731f6f9383588a3c7f830ced4ed04128dd285e1355716866f7bfd5d3114a994
a3e7b4a102fad3c98daa3b68d1acb9b81cb9cafc1bcf4bdc0f0e855f0e6b5067
0ed976cb0627fdf9edd79e6083b7864bdcbe8ae2139b47e21e64044efb7b29e4
65b22a778062f7cbcfc9fb4543b927bcfe1b4eebd2d4fe42442b70251cc50ce1
=== Creando 5 contenedores aleatorios ===
Contenedor 1: ejecutando opcion 3 de 3...
Contenedor 4: ejecutando opcion 1 de 3...
=== Creando 5 contenedores aleatorios ===
Contenedor 1: ejecutando opcion 2 de 3...
Contenedor 3: ejecutando opcion 3 de 3...
=== Creando 5 contenedores aleatorios ===
Contenedor 1: ejecutando opcion 2 de 3...
=== Creando 5 contenedores aleatorios ===
Contenedor 1: ejecutando opcion 1 de 3...
=== Creando 5 contenedores aleatorios ===
Contenedor 1: ejecutando opcion 3 de 3...
=== Creando 5 contenedores aleatorios ===
Contenedor 1: ejecutando opcion 2 de 3...
=== Creando 5 contenedores aleatorios ===
Contenedor 1: ejecutando opcion 3 de 3...
=== Creando 5 contenedores aleatorios ===
Contenedor 1: ejecutando opcion 1 de 3...
=== Creando 5 contenedores aleatorios ===
Contenedor 1: ejecutando opcion 2 de 3...
152f20d6b74da11527052bae8746cdbeaf7359f98aac9aac5492aa9233b1be27
Contenedor 2: ejecutando opcion 2 de 3...
b56c3ea27401929ab1049498b644410406c9cc1a1accb87a3fc277bdd8c50299
Contenedor 3: ejecutando opcion 1 de 3...
34b308e7699ce59ff11995edfe5334da5a3f2a851528bb9c39cbeea485616852
Contenedor 4: ejecutando opcion 1 de 3...
68faed19316539e21d2c2c7b5ab3e586dbf6698997641967643840d63d0eb844
Contenedor 5: ejecutando opcion 2 de 3...
24a67e5b57852825821b7f0e0128418f27e68971d3350bcad3ae20e08e2844be
=== 5 contenedores creados ===
=== Creando 5 contenedores aleatorios ===
Contenedor 1: ejecutando opcion 1 de 3...
e0e761c6bd944879f5e175ea3fe8e82f307e5fd543544220476c5cc2241104ca
Contenedor 2: ejecutando opcion 3 de 3...
58436783607e908cd636fe34e5ca677dd2b6c90fb6c92bd43d26d9fc5c01a931
Contenedor 3: ejecutando opcion 1 de 3...
f1ea32e5832be184b67d142f0d2766ccfaf02a4a9957fb6cb8e8d8e26308dde7
Contenedor 4: ejecutando opcion 2 de 3...
600954a7bd239d04179839691609478ac626beeeded9bbd987ce605f08ce2e78
Contenedor 5: ejecutando opcion 3 de 3...
71fb8f979cd1989624a6eb64f6b355335fef45fa3d2135af7f569c4c75cf3099
=== 5 contenedores creados ===
